a: 200
aa: 0
aá: 0
ab: 200
aba: 124
abá: 0
abb: 0
abc: 1
abd: 10
abe: 40
abé: 2
abf: 0
abg: 0
abh: 0
abi: 36
abí: 0
abj: 2
abk: 0
abl: 17
abm: 0
abn: 3
abñ: 0
abo: 123
abó: 0
abp: 0
abq: 0
abr: 93
abs: 62
abt: 0
abu: 59
abú: 1
abü: 0
abv: 0
abw: 0
abx: 0
aby: 2
abz: 0
ab-: 0
ac: 200
aca: 187
acá: 4
acb: 0
acc: 30
acd: 0
ace: 164
acé: 4
acf: 0
acg: 0
ach: 119
aci: 53
ací: 2
acj: 0
ack: 0
acl: 24
acm: 1
acn: 1
acñ: 0
aco: 200
acoa: 0
acoá: 0
acob: 7
acoc: 12
acod: 12
acoe: 0
acoé: 0
acof: 0
acog: 11
acoh: 0
acoi: 1
acoí: 0
acoj: 6
acok: 0
acol: 18
acom: 35
acon: 32
acoñ: 0
acoo: 0
acoó: 0
acop: 13
acoq: 2
acor: 40
acos: 14
acot: 11
acou: 0
acoú: 0
acoü: 0
acov: 0
acow: 0
acox: 0
acoy: 2
acoz: 0
aco-: 0
acó: 2
acp: 0
acq: 0
acr: 73
acs: 0
act: 43
acu: 106
acú: 5
acü: 0
acv: 0
acw: 0
acx: 0
acy: 0
acz: 0
ac-: 0
ad: 200
ada: 33
adá: 5
adb: 0
adc: 0
add: 0
ade: 73
adé: 1
adf: 0
adg: 0
adh: 8
adi: 48
adí: 0
adj: 22
adk: 0
adl: 1
adm: 26
adn: 4
adñ: 0
ado: 78
adó: 3
adp: 0
adq: 9
adr: 20
ads: 12
adt: 0
adu: 53
adú: 2
adü: 0
adv: 33
adw: 0
adx: 0
ady: 3
adz: 0
ad-: 1
ae: 80
aé: 1
af: 200
afa: 25
afá: 2
afb: 0
afc: 0
afd: 0
afe: 51
afé: 1
aff: 1
afg: 1
afh: 0
afi: 66
afí: 1
afj: 0
afk: 0
afl: 31
afm: 0
afn: 0
afñ: 0
afo: 35
afó: 2
afp: 0
afq: 0
afr: 50
afs: 0
aft: 2
afu: 13
afú: 0
afü: 0
afv: 0
afw: 0
afx: 0
afy: 0
afz: 0
af-: 0
ag: 200
aga: 85
agá: 4
agb: 0
agc: 0
agd: 0
age: 15
agé: 1
agf: 0
agg: 0
agh: 0
agi: 26
agí: 1
agj: 0
agk: 0
agl: 13
agm: 0
agn: 15
agñ: 0
ago: 50
agó: 3
agp: 0
agq: 0
agr: 142
ags: 0
agt: 0
agu: 200
agua: 127
aguá: 0
agub: 0
aguc: 3
agud: 7
ague: 2
agué: 0
aguf: 0
agug: 0
aguh: 0
agui: 27
aguí: 1
aguj: 14
aguk: 0
agul: 0
agum: 0
agun: 0
aguñ: 0
aguo: 2
aguó: 0
agup: 0
aguq: 0
agur: 1
agus: 7
agut: 1
aguu: 0
aguú: 0
aguü: 0
aguv: 0
aguw: 0
agux: 0
aguy: 0
aguz: 11
agu-: 0
agú: 0
agü: 10
agv: 0
agw: 0
agx: 0
agy: 0
agz: 0
ag-: 0
ah: 141
ai: 40
aí: 3
aj: 130
ak: 1
al: 200
ala: 163
alá: 6
alb: 200
alba: 89
albá: 0
albb: 0
albc: 0
albd: 0
albe: 31
albé: 4
albf: 0
albg: 0
albh: 0
albi: 10
albí: 1
albj: 0
albk: 0
albl: 0
albm: 0
albn: 0
albñ: 0
albo: 44
albó: 2
albp: 0
albq: 0
albr: 3
albs: 0
albt: 0
albu: 21
albú: 1
albü: 0
albv: 0
albw: 0
albx: 0
alby: 0
albz: 0
alb-: 0
alc: 200
alca: 134
alcá: 4
alcb: 0
alcc: 0
alcd: 0
alce: 4
alcé: 0
alcf: 0
alcg: 0
alch: 0
alci: 7
alcí: 1
alcj: 0
alck: 0
alcl: 0
alcm: 0
alcn: 0
alcñ: 0
alco: 39
alcó: 0
alcp: 0
alcq: 0
alcr: 2
alcs: 0
alct: 0
alcu: 11
alcú: 0
alcü: 0
alcv: 0
alcw: 0
alcx: 0
alcy: 0
alcz: 0
alc-: 0
ald: 25
ale: 150
alé: 3
alf: 114
alg: 76
alh: 50
ali: 153
alí: 5
alj: 35
alk: 1
all: 21
alm: 200
alma: 72
almá: 9
almb: 0
almc: 0
almd: 0
alme: 32
almé: 0
almf: 0
almg: 0
almh: 0
almi: 34
almí: 1
almj: 0
almk: 0
alml: 0
almm: 0
almn: 0
almñ: 0
almo: 88
almó: 2
almp: 0
almq: 0
almr: 0
alms: 0
almt: 0
almu: 20
almú: 0
almü: 0
almv: 0
almw: 0
almx: 0
almy: 0
almz: 0
alm-: 0
aln: 5
alñ: 0
alo: 58
aló: 9
alp: 29
alq: 33
alr: 3
als: 1
alt: 99
alu: 57
alú: 1
alü: 0
alv: 12
alw: 0
alx: 0
aly: 0
alz: 24
al-: 0
am: 200
ama: 200
amaa: 0
amaá: 0
amab: 3
amac: 10
amad: 7
amae: 6
amaé: 0
amaf: 0
amag: 5
amah: 0
amai: 4
amaí: 0
amaj: 2
amak: 0
amal: 13
amam: 4
aman: 39
amañ: 2
amao: 0
amaó: 0
amap: 2
amaq: 0
amar: 81
amas: 14
amat: 13
amau: 2
amaú: 0
amaü: 0
amav: 0
amaw: 0
amax: 1
amay: 2
amaz: 7
ama-: 0
amá: 4
amb: 54
amc: 0
amd: 0
ame: 87
amé: 4
amf: 0
amg: 0
amh: 0
ami: 62
amí: 3
amj: 0
amk: 0
aml: 0
amm: 0
amn: 9
amñ: 0
amo: 141
amó: 1
amp: 48
amq: 0
amr: 0
ams: 0
amt: 0
amu: 42
amú: 0
amü: 0
amv: 0
amw: 0
amx: 0
amy: 0
amz: 0
am-: 0
an: 200
ana: 147
aná: 7
anb: 0
anc: 51
and: 97
ane: 51
ané: 4
anf: 29
ang: 110
anh: 12
ani: 79
aní: 2
anj: 2
ank: 0
anl: 0
anm: 0
ann: 3
anñ: 0
ano: 52
anó: 6
anp: 0
anq: 14
anr: 0
ans: 19
ant: 200
anta: 15
antá: 1
antb: 0
antc: 0
antd: 0
ante: 109
anté: 0
antf: 0
antg: 0
anth: 0
anti: 200
antia: 21
antiá: 3
antib: 10
antic: 69
antid: 20
antie: 18
antié: 0
antif: 16
antig: 13
antih: 13
antii: 6
antií: 0
antij: 3
antik: 0
antil: 8
antim: 23
antin: 17
antiñ: 0
antio: 4
antió: 0
antip: 41
antiq: 2
antir: 18
antis: 22
antit: 19
antiu: 0
antiú: 0
antiü: 0
antiv: 7
antiw: 0
antix: 1
antiy: 0
antiz: 0
anti-: 1
antí: 8
antj: 0
antk: 0
antl: 0
antm: 0
antn: 0
antñ: 0
anto: 31
antó: 4
antp: 0
antq: 0
antr: 41
ants: 0
antt: 0
antu: 8
antú: 0
antü: 0
antv: 0
antw: 0
antx: 0
anty: 0
antz: 0
ant-: 0
anu: 36
anú: 2
anü: 0
anv: 1
anw: 0
anx: 0
any: 0
anz: 5
an-: 1
añ: 50
ao: 14
aó: 1
ap: 200
apa: 183
apá: 3
apb: 0
apc: 0
apd: 0
ape: 127
apé: 2
apf: 0
apg: 0
aph: 0
api: 50
apí: 2
apj: 0
apk: 0
apl: 56
apm: 0
apn: 1
apñ: 0
apo: 157
apó: 17
app: 0
apq: 0
apr: 112
aps: 1
apt: 5
apu: 48
apú: 0
apü: 0
apv: 0
apw: 0
apx: 0
apy: 0
apz: 0
ap-: 0
aq: 56
ar: 200
ara: 77
ará: 7
arb: 47
arc: 97
ard: 38
are: 50
aré: 2
arf: 3
arg: 83
arh: 0
ari: 55
arí: 2
arj: 1
ark: 0
arl: 9
arm: 68
arn: 9
arñ: 0
aro: 16
aró: 0
arp: 16
arq: 38
arr: 200
arra: 83
arrá: 1
arrb: 0
arrc: 0
arrd: 0
arre: 135
arré: 0
arrf: 0
arrg: 0
arrh: 0
arri: 65
arrí: 1
arrj: 0
arrk: 0
arrl: 0
arrm: 0
arrn: 0
arrñ: 0
arro: 81
arró: 0
arrp: 0
arrq: 0
arrr: 0
arrs: 0
arrt: 0
arru: 42
arrú: 0
arrü: 0
arrv: 0
arrw: 0
arrx: 0
arry: 0
arrz: 0
arr-: 0
ars: 9
art: 104
aru: 10
arú: 1
arü: 0
arv: 11
arw: 0
arx: 0
ary: 0
arz: 5
ar-: 0
as: 200
asa: 46
asá: 1
asb: 3
asc: 37
asd: 0
ase: 99
asé: 2
asf: 12
asg: 0
ash: 0
asi: 63
así: 6
asj: 0
ask: 2
asl: 1
asm: 5
asn: 16
asñ: 0
aso: 55
asó: 1
asp: 49
asq: 9
asr: 0
ass: 0
ast: 80
asu: 28
asú: 0
asü: 0
asv: 0
asw: 0
asx: 0
asy: 0
asz: 0
as-: 0
at: 200
ata: 135
atá: 3
atb: 0
atc: 1
atd: 0
ate: 99
até: 2
atf: 0
atg: 0
ath: 0
ati: 49
atí: 2
atj: 0
atk: 0
atl: 12
atm: 3
atn: 0
atñ: 0
ato: 73
ató: 5
atp: 0
atq: 0
atr: 114
ats: 0
att: 1
atu: 28
atú: 1
atü: 0
atv: 0
atw: 0
atx: 0
aty: 0
atz: 0
at-: 0
au: 200
aua: 0
auá: 0
aub: 0
auc: 6
aud: 33
aue: 0
aué: 0
auf: 0
aug: 13
auh: 0
aui: 0
auí: 0
auj: 0
auk: 0
aul: 9
aum: 7
aun: 6
auñ: 0
auo: 0
auó: 0
aup: 1
auq: 1
aur: 25
aus: 27
aut: 200
auta: 2
autá: 1
autb: 0
autc: 0
autd: 0
aute: 6
auté: 2
autf: 0
autg: 0
auth: 0
auti: 3
autí: 1
autj: 0
autk: 0
autl: 0
autm: 0
autn: 0
autñ: 0
auto: 179
autó: 11
autp: 0
autq: 0
autr: 1
auts: 0
autt: 0
autu: 1
autú: 0
autü: 0
autv: 0
autw: 0
autx: 0
auty: 0
autz: 0
aut-: 0
auu: 0
auú: 0
auü: 0
auv: 1
auw: 0
aux: 6
auy: 1
auz: 0
au-: 0
aú: 3
aü: 0
av: 200
ava: 48
avá: 0
avb: 0
avc: 0
avd: 0
ave: 89
avé: 1
avf: 0
avg: 0
avh: 0
avi: 68
aví: 2
avj: 0
avk: 0
avl: 0
avm: 0
avn: 0
avñ: 0
avo: 12
avó: 0
avp: 0
avq: 0
avr: 0
avs: 0
avt: 0
avu: 7
avú: 0
avü: 0
avv: 0
avw: 0
avx: 0
avy: 0
avz: 0
av-: 0
aw: 0
ax: 21
ay: 51
az: 192
a-: 1
á: 111
b: 200
ba: 200
baa: 5
baá: 0
bab: 43
bac: 67
bad: 32
bae: 4
baé: 0
baf: 1
bag: 25
bah: 13
bai: 28
baí: 1
baj: 47
bak: 1
bal: 200
bala: 58
balá: 0
balb: 7
balc: 13
bald: 28
bale: 11
balé: 1
balf: 0
balg: 0
balh: 1
bali: 16
balí: 3
balj: 0
balk: 0
ball: 21
balm: 0
baln: 2
balñ: 0
balo: 15
baló: 1
balp: 0
balq: 0
balr: 0
bals: 17
balt: 2
balu: 6
balú: 0
balü: 0
balv: 0
balw: 0
balx: 0
baly: 0
balz: 1
bal-: 0
bam: 26
ban: 93
bañ: 12
bao: 2
baó: 0
bap: 6
baq: 11
bar: 200
bara: 44
bará: 0
barb: 84
barc: 23
bard: 16
bare: 6
baré: 0
barf: 0
barg: 1
barh: 0
bari: 12
barí: 4
barj: 1
bark: 0
barl: 5
barm: 1
barn: 8
barñ: 0
baro: 8
baró: 3
barp: 0
barq: 14
barr: 109
bars: 0
bart: 4
baru: 3
barú: 0
barü: 0
barv: 0
barw: 0
barx: 0
bary: 0
barz: 6
bar-: 0
bas: 88
bat: 89
bau: 19
baú: 1
baü: 0
bav: 0
baw: 0
bax: 0
bay: 25
baz: 11
ba-: 0
bá: 31
bb: 0
bc: 0
bd: 0
be: 200
bea: 18
beá: 0
beb: 23
bec: 25
bed: 7
bee: 1
beé: 0
bef: 6
beg: 7
beh: 5
bei: 8
beí: 0
bej: 9
bek: 0
bel: 58
bem: 10
ben: 60
beñ: 0
beo: 5
beó: 0
bep: 0
beq: 1
ber: 104
bes: 37
bet: 23
beu: 2
beú: 0
beü: 0
bev: 0
bew: 0
bex: 0
bey: 1
bez: 10
be-: 1
bé: 8
bf: 0
bg: 0
bh: 0
bi: 200
bia: 10
biá: 0
bib: 29
bic: 49
bid: 6
bie: 44
bié: 0
bif: 10
big: 18
bih: 0
bii: 0
bií: 0
bij: 4
bik: 1
bil: 42
bim: 14
bin: 16
biñ: 0
bio: 83
bió: 7
bip: 15
biq: 1
bir: 32
bis: 56
bit: 17
biu: 1
biú: 0
biü: 0
biv: 3
biw: 0
bix: 2
biy: 2
biz: 34
bi-: 1
bí: 17
bj: 0
bk: 0
bl: 124
bm: 0
bn: 0
bñ: 0
bo: 200
boa: 7
boá: 0
bob: 17
boc: 69
bod: 22
boe: 1
boé: 0
bof: 8
bog: 9
boh: 13
boi: 7
boí: 0
boj: 12
bok: 0
bol: 108
bom: 31
bon: 55
boñ: 4
boo: 1
boó: 0
bop: 0
boq: 40
bor: 143
bos: 24
bot: 88
bou: 5
boú: 0
boü: 0
bov: 4
bow: 0
box: 6
boy: 16
boz: 8
bo-: 0
bó: 13
bp: 0
bq: 0
br: 200
bra: 120
brá: 1
brb: 0
brc: 0
brd: 0
bre: 49
bré: 1
brf: 0
brg: 0
brh: 0
bri: 84
brí: 3
brj: 0
brk: 0
brl: 0
brm: 0
brn: 0
brñ: 0
bro: 97
bró: 8
brp: 0
brq: 0
brr: 0
brs: 0
brt: 0
bru: 70
brú: 1
brü: 0
brv: 0
brw: 0
brx: 0
bry: 0
brz: 0
br-: 0
bs: 0
bt: 0
bu: 200
bua: 1
buá: 0
bub: 9
buc: 31
bud: 7
bue: 21
bué: 1
buf: 22
bug: 8
buh: 11
bui: 7
buí: 0
buj: 17
buk: 0
bul: 42
bum: 5
bun: 8
buñ: 6
buo: 0
buó: 0
bup: 0
buq: 2
bur: 94
bus: 37
but: 21
buu: 0
buú: 0
buü: 0
buv: 0
buw: 0
bux: 1
buy: 1
buz: 12
bu-: 0
bú: 16
bü: 0
bv: 0
bw: 0
bx: 0
by: 3
bz: 0
b-: 0
c: 200
ca: 200
caa: 4
caá: 0
cab: 200
caba: 69
cabá: 1
cabb: 0
cabc: 0
cabd: 3
cabe: 48
cabé: 1
cabf: 0
cabg: 0
cabh: 0
cabi: 20
cabí: 0
cabj: 0
cabk: 0
cabl: 12
cabm: 0
cabn: 0
cabñ: 0
cabo: 4
cabó: 0
cabp: 0
cabq: 0
cabr: 40
cabs: 0
cabt: 0
cabu: 7
cabú: 1
cabü: 0
cabv: 0
cabw: 0
cabx: 0
caby: 0
cabz: 0
cab-: 0
cac: 200
caca: 32
cacá: 1
cacb: 0
cacc: 0
cacd: 0
cace: 13
cacé: 0
cacf: 0
cacg: 0
cach: 137
caci: 11
cací: 0
cacj: 0
cack: 0
cacl: 1
cacm: 0
cacn: 0
cacñ: 0
caco: 14
cacó: 0
cacp: 0
cacq: 0
cacr: 1
cacs: 0
cact: 3
cacu: 5
cacú: 0
cacü: 0
cacv: 0
cacw: 0
cacx: 0
cacy: 0
cacz: 0
cac-: 0
cad: 55
cae: 3
caé: 0
caf: 25
cag: 33
cah: 6
cai: 25
caí: 5
caj: 31
cak: 1
cal: 200
cala: 126
calá: 1
calb: 3
calc: 70
cald: 31
cale: 51
calé: 3
calf: 0
calg: 0
calh: 0
cali: 68
calí: 6
calj: 0
calk: 0
call: 37
calm: 12
caln: 1
calñ: 0
calo: 40
caló: 4
calp: 6
calq: 2
calr: 0
cals: 0
calt: 1
calu: 19
calú: 0
calü: 0
calv: 16
calw: 0
calx: 0
caly: 0
calz: 18
cal-: 0
cam: 200
cama: 65
camá: 2
camb: 66
camc: 0
camd: 0
came: 35
camé: 1
camf: 0
camg: 0
camh: 0
cami: 38
camí: 2
camj: 0
camk: 0
caml: 0
camm: 0
camn: 0
camñ: 0
camo: 17
camó: 1
camp: 81
camq: 0
camr: 0
cams: 0
camt: 0
camu: 10
camú: 0
camü: 0
camv: 0
camw: 0
camx: 0
camy: 0
camz: 0
cam-: 0
can: 200
cana: 51
caná: 1
canb: 0
canc: 61
cand: 66
cane: 22
cané: 2
canf: 5
cang: 25
canh: 0
cani: 28
caní: 2
canj: 6
cank: 0
canl: 0
canm: 1
cann: 3
canñ: 0
cano: 19
canó: 6
canp: 0
canq: 1
canr: 0
cans: 13
cant: 103
canu: 8
canú: 0
canü: 0
canv: 0
canw: 0
canx: 0
cany: 0
canz: 0
can-: 0
cañ: 102
cao: 8
caó: 1
cap: 200
capa: 32
capá: 1
capb: 0
capc: 3
capd: 1
cape: 28
capé: 0
capf: 0
capg: 0
caph: 0
capi: 80
capí: 4
capj: 0
capk: 0
capl: 0
capm: 0
capn: 2
capñ: 0
capo: 22
capó: 2
capp: 1
capq: 0
capr: 10
caps: 2
capt: 13
capu: 19
capú: 1
capü: 0
capv: 0
capw: 0
capx: 0
capy: 0
capz: 0
cap-: 0
caq: 6
car: 200
cara: 158
cará: 6
carb: 54
carc: 40
card: 69
care: 30
caré: 0
carf: 0
carg: 24
carh: 1
cari: 98
carí: 1
carj: 0
cark: 0
carl: 16
carm: 20
carn: 54
carñ: 0
caro: 30
caró: 2
carp: 35
carq: 5
carr: 147
cars: 1
cart: 68
caru: 7
carú: 1
carü: 0
carv: 3
carw: 0
carx: 0
cary: 0
carz: 0
car-: 0
cas: 200
casa: 26
casá: 0
casb: 1
casc: 54
casd: 0
case: 19
casé: 0
casf: 0
casg: 0
cash: 0
casi: 22
casí: 0
casj: 0
cask: 0
casl: 0
casm: 2
casn: 0
casñ: 0
caso: 4
casó: 1
casp: 9
casq: 15
casr: 0
cass: 0
cast: 91
casu: 21
casú: 0
casü: 0
casv: 0
casw: 0
casx: 0
casy: 0
casz: 0
cas-: 0
cat: 200
cata: 94
catá: 8
catb: 0
catc: 1
catd: 0
cate: 55
caté: 2
catf: 0
catg: 0
cath: 0
cati: 18
catí: 1
catj: 0
catk: 0
catl: 1
catm: 0
catn: 0
catñ: 0
cato: 21
cató: 6
catp: 0
catq: 0
catr: 5
cats: 0
catt: 0
catu: 1
catú: 0
catü: 0
catv: 0
catw: 0
catx: 0
caty: 0
catz: 0
cat-: 0
cau: 90
caú: 0
caü: 0
cav: 40
caw: 0
cax: 0
cay: 30
caz: 50
ca-: 0
cá: 79
cb: 0
cc: 0
cd: 0
ce: 200
cea: 4
ceá: 1
ceb: 46
cec: 16
ced: 29
cee: 0
ceé: 0
cef: 14
ceg: 19
ceh: 0
cei: 6
ceí: 0
cej: 11
cek: 0
cel: 104
cem: 13
cen: 197
ceñ: 14
ceo: 1
ceó: 0
cep: 20
ceq: 5
cer: 200
cera: 20
cerá: 3
cerb: 5
cerc: 30
cerd: 8
cere: 32
ceré: 0
cerf: 0
cerg: 0
cerh: 0
ceri: 12
cerí: 1
cerj: 0
cerk: 0
cerl: 0
cerm: 2
cern: 21
cerñ: 0
cero: 17
ceró: 2
cerp: 1
cerq: 1
cerr: 49
cers: 0
cert: 17
ceru: 6
cerú: 1
cerü: 0
cerv: 27
cerw: 0
cerx: 0
cery: 0
cerz: 0
cer-: 0
ces: 38
cet: 21
ceu: 1
ceú: 0
ceü: 0
cev: 3
cew: 0
cex: 0
cey: 0
cez: 0
ce-: 0
cé: 27
cf: 0
cg: 0
ch: 200
cha: 200
chaa: 0
chaá: 0
chab: 8
chac: 50
chad: 2
chae: 0
chaé: 0
chaf: 28
chag: 12
chah: 3
chai: 6
chaí: 0
chaj: 4
chak: 1
chal: 32
cham: 94
chan: 83
chañ: 2
chao: 2
chaó: 0
chap: 94
chaq: 11
char: 88
chas: 26
chat: 19
chau: 7
chaú: 1
chaü: 0
chav: 15
chaw: 0
chax: 0
chay: 6
chaz: 4
cha-: 0
chá: 10
chb: 0
chc: 0
chd: 0
che: 62
ché: 4
chf: 0
chg: 0
chh: 0
chi: 200
chia: 3
chiá: 0
chib: 6
chic: 86
chid: 1
chie: 0
chié: 0
chif: 15
chig: 7
chih: 3
chii: 2
chií: 1
chij: 1
chik: 0
chil: 58
chim: 28
chin: 90
chiñ: 0
chio: 0
chió: 0
chip: 23
chiq: 23
chir: 90
chis: 52
chit: 8
chiu: 0
chiú: 0
chiü: 0
chiv: 29
chiw: 0
chix: 0
chiy: 0
chiz: 1
chi-: 0
chí: 5
chj: 0
chk: 0
chl: 0
chm: 0
chn: 0
chñ: 0
cho: 181
chó: 4
chp: 0
chq: 0
chr: 1
chs: 0
cht: 0
chu: 200
chua: 0
chuá: 0
chub: 6
chuc: 29
chud: 0
chue: 4
chué: 0
chuf: 12
chug: 0
chuh: 0
chui: 2
chuí: 0
chuj: 1
chuk: 0
chul: 21
chum: 13
chun: 13
chuñ: 3
chuo: 0
chuó: 0
chup: 52
chuq: 2
chur: 49
chus: 14
chut: 4
chuu: 0
chuú: 0
chuü: 0
chuv: 1
chuw: 0
chux: 0
chuy: 1
chuz: 9
chu-: 0
chú: 2
chü: 0
chv: 0
chw: 0
chx: 0
chy: 0
chz: 0
ch-: 0
ci: 200
cia: 16
ciá: 3
cib: 27
cic: 63
cid: 10
cie: 46
cié: 4
cif: 6
cig: 33
cih: 0
cii: 0
cií: 0
cij: 1
cik: 0
cil: 21
cim: 51
cin: 118
ciñ: 1
cio: 0
ció: 0
cip: 20
ciq: 4
cir: 83
cis: 34
cit: 45
ciu: 5
ciú: 0
ciü: 0
civ: 12
ciw: 0
cix: 0
ciy: 0
ciz: 8
ci-: 0
cí: 25
cj: 0
ck: 0
cl: 200
cla: 138
clá: 5
clb: 0
clc: 0
cld: 0
cle: 30
clé: 1
clf: 0
clg: 0
clh: 0
cli: 42
clí: 11
clj: 0
clk: 0
cll: 0
clm: 0
cln: 0
clñ: 0
clo: 47
cló: 3
clp: 0
clq: 0
clr: 0
cls: 0
clt: 0
clu: 7
clú: 0
clü: 0
clv: 0
clw: 0
clx: 0
cly: 0
clz: 0
cl-: 0
cm: 0
cn: 2
cñ: 0
co: 200
coa: 53
coá: 1
cob: 48
coc: 121
cod: 49
coe: 22
coé: 0
cof: 16
cog: 60
coh: 34
coi: 25
coí: 0
coj: 25
cok: 1
col: 200
cola: 37
colá: 1
colb: 0
colc: 11
cold: 0
cole: 64
colé: 2
colf: 0
colg: 10
colh: 0
coli: 57
colí: 1
colj: 0
colk: 0
coll: 20
colm: 17
coln: 0
colñ: 0
colo: 89
coló: 1
colp: 7
colq: 2
colr: 0
cols: 0
colt: 1
colu: 26
colú: 1
colü: 0
colv: 0
colw: 0
colx: 0
coly: 0
colz: 1
col-: 0
com: 200
coma: 32
comá: 0
comb: 36
comc: 0
comd: 0
come: 63
comé: 0
comf: 0
comg: 0
comh: 0
comi: 48
comí: 1
comj: 0
comk: 0
coml: 0
comm: 1
comn: 0
comñ: 0
como: 15
comó: 0
comp: 200
compa: 80
compá: 1
compb: 0
compc: 0
compd: 0
compe: 28
compé: 0
compf: 0
compg: 0
comph: 0
compi: 7
compí: 0
compj: 0
compk: 0
compl: 47
compm: 0
compn: 0
compñ: 0
compo: 30
compó: 1
compp: 0
compq: 0
compr: 51
comps: 0
compt: 1
compu: 23
compú: 0
compü: 0
compv: 0
compw: 0
compx: 0
compy: 0
compz: 0
comp-: 0
comq: 0
comr: 0
coms: 0
comt: 1
comu: 29
comú: 2
comü: 0
comv: 0
comw: 0
comx: 0
comy: 0
comz: 0
com-: 1
con: 200
cona: 5
coná: 0
conb: 0
conc: 190
cond: 100
cone: 22
coné: 0
conf: 161
cong: 73
conh: 2
coni: 7
coní: 1
conj: 29
conk: 0
conl: 5
conm: 42
conn: 18
conñ: 0
cono: 15
conó: 0
conp: 0
conq: 12
conr: 3
cons: 200
consa: 11
consá: 0
consb: 0
consc: 5
consd: 0
conse: 46
consé: 0
consf: 0
consg: 0
consh: 0
consi: 27
consí: 0
consj: 0
consk: 0
consl: 0
consm: 0
consn: 0
consñ: 0
conso: 27
consó: 1
consp: 7
consq: 0
consr: 0
conss: 0
const: 48
consu: 52
consú: 0
consü: 0
consv: 0
consw: 0
consx: 0
consy: 0
consz: 0
cons-: 0
cont: 200
conta: 30
contá: 0
contb: 0
contc: 0
contd: 0
conte: 55
conté: 2
contf: 0
contg: 0
conth: 0
conti: 32
contí: 1
contj: 0
contk: 0
contl: 2
contm: 0
contn: 0
contñ: 0
conto: 13
contó: 0
contp: 0
contq: 0
contr: 200
contra: 200
contraa: 14
contraá: 0
contrab: 21
contrac: 35
contrad: 16
contrae: 12
contraé: 0
contraf: 17
contrag: 4
contrah: 11
contrai: 9
contraí: 1
contraj: 1
contrak: 0
contral: 12
contram: 24
contran: 2
contrañ: 0
contrao: 3
contraó: 0
contrap: 48
contraq: 1
contrar: 24
contras: 14
contrat: 18
contrau: 0
contraú: 0
contraü: 0
contrav: 17
contraw: 0
contrax: 0
contray: 3
contraz: 0
contra-: 1
contrá: 1
contrb: 0
contrc: 0
contrd: 0
contre: 5
contré: 0
contrf: 0
contrg: 0
contrh: 0
contri: 12
contrí: 0
contrj: 0
contrk: 0
contrl: 0
contrm: 0
contrn: 0
contrñ: 0
contro: 11
contró: 0
contrp: 0
contrq: 0
contrr: 0
contrs: 0
contrt: 0
contru: 0
contrú: 0
contrü: 0
contrv: 0
contrw: 0
contrx: 0
contry: 0
contrz: 0
contr-: 0
conts: 0
contt: 0
contu: 23
contú: 0
contü: 0
contv: 0
contw: 0
contx: 0
conty: 0
contz: 0
cont-: 0
conu: 3
conú: 0
conü: 0
conv: 104
conw: 0
conx: 0
cony: 7
conz: 0
con-: 1
coñ: 9
coo: 25
coó: 0
cop: 125
coq: 24
cor: 200
cora: 33
corá: 2
corb: 12
corc: 34
cord: 55
core: 16
coré: 0
corf: 0
corg: 0
corh: 0
cori: 20
corí: 3
corj: 0
cork: 0
corl: 6
corm: 4
corn: 59
corñ: 0
coro: 41
coró: 3
corp: 29
corq: 0
corr: 159
cors: 8
cort: 79
coru: 10
corú: 1
corü: 0
corv: 17
corw: 0
corx: 0
cory: 0
corz: 2
cor-: 0
cos: 143
cot: 74
cou: 3
coú: 0
coü: 0
cov: 9
cow: 0
cox: 9
coy: 22
coz: 2
co-: 1
có: 53
cp: 0
cq: 0
cr: 200
cra: 42
crá: 4
crb: 0
crc: 0
crd: 0
cre: 102
cré: 5
crf: 0
crg: 0
crh: 0
cri: 169
crí: 8
crj: 0
crk: 0
crl: 0
crm: 0
crn: 0
crñ: 0
cro: 78
cró: 8
crp: 0
crq: 0
crr: 0
crs: 0
crt: 0
cru: 59
crú: 2
crü: 0
crv: 0
crw: 0
crx: 0
cry: 0
crz: 0
cr-: 0
cs: 0
ct: 1
cu: 200
cua: 200
cuaa: 0
cuaá: 0
cuab: 1
cuac: 2
cuad: 71
cuae: 0
cuaé: 0
cuaf: 0
cuag: 0
cuah: 0
cuai: 2
cuaí: 0
cuaj: 15
cuak: 1
cual: 11
cuam: 2
cuan: 18
cuañ: 0
cuao: 0
cuaó: 0
cuap: 1
cuaq: 1
cuar: 60
cuas: 5
cuat: 45
cuau: 1
cuaú: 0
cuaü: 0
cuav: 0
cuaw: 0
cuax: 0
cuay: 1
cuaz: 0
cua-: 0
cuá: 16
cub: 61
cuc: 75
cud: 3
cue: 90
cué: 5
cuf: 1
cug: 2
cuh: 0
cui: 36
cuí: 0
cuj: 8
cuk: 0
cul: 103
cum: 39
cun: 25
cuñ: 9
cuo: 7
cuó: 1
cup: 17
cuq: 5
cur: 141
cus: 26
cut: 23
cuu: 0
cuú: 0
cuü: 0
cuv: 0
cuw: 0
cux: 0
cuy: 10
cuz: 8
cu-: 0
cú: 15
cü: 0
cv: 0
cw: 0
cx: 0
cy: 1
cz: 1
c-: 0
d: 200
da: 175
dá: 7
db: 0
dc: 0
dd: 0
de: 200
dea: 7
deá: 1
deb: 33
dec: 200
deca: 34
decá: 6
decb: 0
decc: 0
decd: 0
dece: 36
decé: 0
decf: 0
decg: 0
dech: 1
deci: 49
decí: 1
decj: 0
deck: 0
decl: 24
decm: 0
decn: 0
decñ: 0
deco: 31
decó: 0
decp: 0
decq: 0
decr: 19
decs: 0
dect: 0
decu: 13
decú: 1
decü: 0
decv: 0
decw: 0
decx: 0
decy: 0
decz: 0
dec-: 0
ded: 27
dee: 1
deé: 0
def: 88
deg: 33
deh: 8
dei: 8
deí: 6
dej: 19
dek: 0
del: 114
dem: 108
den: 102
deñ: 1
deo: 4
deó: 0
dep: 81
deq: 3
der: 122
des: 200
desa: 200
desaa: 0
desaá: 0
desab: 25
desac: 60
desad: 11
desae: 0
desaé: 0
desaf: 35
desag: 21
desah: 12
desai: 7
desaí: 0
desaj: 4
desak: 0
desal: 45
desam: 33
desan: 15
desañ: 1
desao: 2
desaó: 0
desap: 64
desaq: 1
desar: 45
desas: 23
desat: 51
desau: 4
desaú: 0
desaü: 0
desav: 17
desaw: 0
desax: 0
desay: 7
desaz: 7
desa-: 0
desá: 1
desb: 89
desc: 200
desca: 161
descá: 0
descb: 0
descc: 0
descd: 0
desce: 35
descé: 0
descf: 0
descg: 0
desch: 12
desci: 9
descí: 0
descj: 0
desck: 0
descl: 7
descm: 0
descn: 0
descñ: 0
desco: 200
descoa: 2
descoá: 0
descob: 2
descoc: 8
descod: 4
descoe: 0
descoé: 0
descof: 0
descog: 4
descoh: 0
descoi: 0
descoí: 0
descoj: 4
descok: 0
descol: 21
descom: 32
descon: 83
descoñ: 2
descoo: 2
descoó: 0
descop: 0
descoq: 0
descor: 28
descos: 8
descot: 3
descou: 0
descoú: 0
descoü: 0
descov: 0
descow: 0
descox: 0
descoy: 3
descoz: 0
desco-: 0
descó: 1
descp: 0
descq: 0
descr: 30
descs: 0
desct: 0
descu: 44
descú: 0
descü: 0
descv: 0
descw: 0
descx: 0
descy: 0
descz: 0
desc-: 0
desd: 33
dese: 200
desea: 4
deseá: 0
deseb: 0
desec: 9
desed: 4
desee: 0
deseé: 0
desef: 0
deseg: 0
deseh: 0
desei: 0
deseí: 0
desej: 0
desek: 0
desel: 4
desem: 104
desen: 200
desena: 4
desená: 0
desenb: 0
desenc: 60
desend: 3
desene: 0
desené: 0
desenf: 19
deseng: 26
desenh: 8
deseni: 0
desení: 0
desenj: 3
desenk: 0
desenl: 8
desenm: 6
desenn: 0
desenñ: 0
deseno: 3
desenó: 0
desenp: 0
desenq: 0
desenr: 10
desens: 9
desent: 32
desenu: 0
desenú: 0
desenü: 0
desenv: 11
desenw: 0
desenx: 0
deseny: 2
desenz: 1
desen-: 0
deseñ: 2
deseo: 2
deseó: 0
desep: 0
deseq: 4
deser: 12
deses: 33
deset: 0
deseu: 0
deseú: 0
deseü: 0
desev: 0
desew: 0
desex: 0
desey: 0
desez: 0
dese-: 0
desé: 1
desf: 78
desg: 100
desh: 92
desi: 82
desí: 0
desj: 7
desk: 0
desl: 73
desm: 165
desn: 41
desñ: 0
deso: 78
desó: 0
desp: 200
despa: 96
despá: 0
despb: 0
despc: 0
despd: 0
despe: 119
despé: 0
despf: 0
despg: 0
desph: 0
despi: 45
despí: 0
despj: 0
despk: 0
despl: 31
despm: 0
despn: 0
despñ: 0
despo: 45
despó: 1
despp: 0
despq: 0
despr: 44
desps: 0
despt: 0
despu: 18
despú: 0
despü: 0
despv: 0
despw: 0
despx: 0
despy: 0
despz: 0
desp-: 0
desq: 17
desr: 27
dess: 0
dest: 165
desu: 23
desú: 1
desü: 0
desv: 78
desw: 0
desx: 0
desy: 8
desz: 5
des-: 1
det: 73
deu: 9
deú: 0
deü: 0
dev: 51
dew: 0
dex: 7
dey: 3
dez: 6
de-: 1
dé: 15
df: 0
dg: 0
dh: 0
di: 200
dia: 142
diá: 17
dib: 5
dic: 46
did: 11
die: 49
dié: 4
dif: 59
dig: 40
dih: 2
dii: 0
dií: 0
dij: 3
dik: 0
dil: 46
dim: 26
din: 45
diñ: 1
dio: 17
dió: 5
dip: 35
diq: 2
dir: 27
dis: 200
disa: 5
disá: 0
disb: 0
disc: 95
disd: 0
dise: 27
disé: 1
disf: 22
disg: 11
dish: 0
disi: 21
disí: 3
disj: 1
disk: 0
disl: 9
dism: 7
disn: 2
disñ: 0
diso: 16
disó: 1
disp: 60
disq: 6
disr: 2
diss: 0
dist: 52
disu: 7
disú: 1
disü: 0
disv: 0
disw: 0
disx: 0
disy: 6
disz: 0
dis-: 1
dit: 9
diu: 8
diú: 0
diü: 0
div: 67
diw: 0
dix: 1
diy: 2
diz: 1
di-: 1
dí: 23
dj: 0
dk: 0
dl: 0
dm: 0
dn: 0
dñ: 0
do: 200
doa: 0
doá: 0
dob: 30
doc: 49
dod: 10
doe: 0
doé: 0
dof: 0
dog: 15
doh: 0
doi: 0
doí: 0
doj: 0
dok: 0
dol: 36
dom: 53
don: 41
doñ: 8
doo: 0
doó: 0
dop: 7
doq: 3
dor: 35
dos: 17
dot: 11
dou: 0
doú: 0
doü: 0
dov: 3
dow: 0
dox: 1
doy: 1
doz: 2
do-: 0
dó: 12
dp: 0
dq: 0
dr: 85
ds: 1
dt: 0
du: 161
dú: 7
dü: 0
dv: 0
dw: 0
dx: 0
dy: 0
dz: 0
d-: 0
e: 200
ea: 3
eá: 0
eb: 20
ec: 128
ed: 53
ee: 0
eé: 0
ef: 63
eg: 40
eh: 1
ei: 5
eí: 0
ej: 41
ek: 1
el: 200
ela: 15
elá: 2
elb: 0
elc: 1
eld: 0
ele: 146
elé: 3
elf: 1
elg: 0
elh: 0
eli: 25
elí: 4
elj: 0
elk: 0
ell: 5
elm: 1
eln: 0
elñ: 0
elo: 16
eló: 0
elp: 0
elq: 1
elr: 0
els: 0
elt: 0
elu: 13
elú: 0
elü: 0
elv: 0
elw: 0
elx: 0
ely: 0
elz: 3
el-: 0
em: 200
ema: 14
emá: 0
emb: 200
emba: 106
embá: 0
embb: 0
embc: 0
embd: 0
embe: 38
embé: 0
embf: 0
embg: 0
embh: 0
embi: 6
embí: 0
embj: 0
embk: 0
embl: 9
embm: 0
embn: 0
embñ: 0
embo: 91
embó: 0
embp: 0
embq: 0
embr: 59
embs: 0
embt: 0
embu: 31
embú: 0
embü: 0
embv: 0
embw: 0
embx: 0
emby: 0
embz: 0
emb-: 0
emc: 0
emd: 0
eme: 13
emé: 3
emf: 0
emg: 0
emh: 0
emi: 21
emí: 1
emj: 0
emk: 0
eml: 0
emm: 1
emn: 0
emñ: 0
emo: 13
emó: 0
emp: 200
empa: 121
empá: 1
empb: 0
empc: 0
empd: 0
empe: 92
empé: 0
empf: 0
empg: 0
emph: 0
empi: 38
empí: 3
empj: 0
empk: 0
empl: 34
empm: 0
empn: 0
empñ: 0
empo: 36
empó: 1
empp: 0
empq: 0
empr: 32
emps: 0
empt: 0
empu: 26
empú: 0
empü: 0
empv: 0
empw: 0
empx: 0
empy: 0
empz: 0
emp-: 0
emq: 0
emr: 0
ems: 0
emt: 0
emu: 13
emú: 1
emü: 0
emv: 0
emw: 0
emx: 0
emy: 0
emz: 0
em-: 1
en: 200
ena: 65
ená: 1
enb: 0
enc: 200
enca: 200
encaa: 0
encaá: 0
encab: 25
encac: 5
encad: 6
encae: 2
encaé: 0
encaf: 0
encag: 0
encah: 0
encai: 0
encaí: 0
encaj: 12
encak: 0
encal: 30
encam: 19
encan: 37
encañ: 11
encao: 0
encaó: 0
encap: 22
encaq: 0
encar: 60
encas: 20
encat: 4
encau: 9
encaú: 0
encaü: 0
encav: 1
encaw: 0
encax: 0
encay: 0
encaz: 0
enca-: 0
encá: 1
encb: 0
encc: 0
encd: 0
ence: 63
encé: 1
encf: 0
encg: 0
ench: 50
enci: 24
encí: 2
encj: 0
enck: 0
encl: 15
encm: 0
encn: 0
encñ: 0
enco: 119
encó: 0
encp: 0
encq: 0
encr: 17
encs: 0
enct: 0
encu: 49
encú: 0
encü: 0
encv: 0
encw: 0
encx: 0
ency: 0
encz: 0
enc-: 0
end: 135
ene: 39
ené: 3
enf: 131
eng: 200
enga: 88
engá: 0
engb: 0
engc: 0
engd: 0
enge: 15
engé: 0
engf: 0
engg: 0
engh: 0
engi: 2
engí: 0
engj: 0
engk: 0
engl: 5
engm: 0
engn: 0
engñ: 0
engo: 36
engó: 0
engp: 0
engq: 0
engr: 50
engs: 0
engt: 0
engu: 30
engú: 0
engü: 1
engv: 0
engw: 0
engx: 0
engy: 0
engz: 0
eng-: 0
enh: 38
eni: 3
ení: 0
enj: 77
enk: 0
enl: 70
enm: 74
enn: 9
enñ: 0
eno: 22
enó: 1
enp: 0
enq: 7
enr: 112
ens: 131
ent: 200
enta: 51
entá: 0
entb: 0
entc: 0
entd: 0
ente: 59
enté: 1
entf: 0
entg: 0
enth: 0
enti: 22
entí: 0
entj: 0
entk: 0
entl: 0
entm: 0
entn: 0
entñ: 0
ento: 50
entó: 0
entp: 0
entq: 0
entr: 200
entra: 28
entrá: 0
entrb: 0
entrc: 0
entrd: 0
entre: 180
entré: 2
entrf: 0
entrg: 0
entrh: 0
entri: 10
entrí: 0
entrj: 0
entrk: 0
entrl: 0
entrm: 0
entrn: 0
entrñ: 0
entro: 19
entró: 2
entrp: 0
entrq: 0
entrr: 0
entrs: 0
entrt: 0
entru: 6
entrú: 0
entrü: 0
entrv: 0
entrw: 0
entrx: 0
entry: 0
entrz: 0
entr-: 0
ents: 0
entt: 0
entu: 23
entú: 0
entü: 0
entv: 0
entw: 0
entx: 0
enty: 0
entz: 0
ent-: 0
enu: 11
enú: 0
enü: 0
env: 93
enw: 0
enx: 0
eny: 9
enz: 16
en-: 1
eñ: 1
eo: 5
eó: 2
ep: 146
eq: 63
er: 143
es: 200
esa: 3
esá: 0
esb: 19
esc: 200
esca: 200
escaa: 0
escaá: 0
escab: 21
escac: 4
escad: 0
escae: 1
escaé: 0
escaf: 4
escag: 2
escah: 0
escai: 0
escaí: 0
escaj: 2
escak: 0
escal: 58
escam: 40
escan: 31
escañ: 7
escao: 0
escaó: 0
escap: 15
escaq: 4
escar: 96
escas: 6
escat: 9
escau: 1
escaú: 0
escaü: 0
escav: 5
escaw: 0
escax: 0
escay: 4
escaz: 0
esca-: 0
escá: 5
escb: 0
escc: 0
escd: 0
esce: 11
escé: 2
escf: 0
escg: 0
esch: 0
esci: 17
escí: 2
escj: 0
esck: 0
escl: 36
escm: 0
escn: 0
escñ: 0
esco: 176
escó: 2
escp: 0
escq: 0
escr: 50
escs: 0
esct: 0
escu: 112
escú: 1
escü: 0
escv: 0
escw: 0
escx: 0
escy: 0
escz: 0
esc-: 0
esd: 3
ese: 14
esé: 0
esf: 44
esg: 24
esh: 0
esi: 0
esí: 0
esj: 0
esk: 0
esl: 17
esm: 33
esn: 4
esñ: 0
eso: 6
esó: 2
esp: 200
espa: 148
espá: 6
espb: 0
espc: 0
espd: 0
espe: 141
espé: 3
espf: 0
espg: 0
esph: 0
espi: 95
espí: 5
espj: 0
espk: 0
espl: 17
espm: 0
espn: 0
espñ: 0
espo: 73
espó: 2
espp: 0
espq: 0
espr: 6
esps: 0
espt: 0
espu: 32
espú: 1
espü: 0
espv: 0
espw: 0
espx: 0
espy: 0
espz: 0
esp-: 0
esq: 82
esr: 1
ess: 0
est: 200
esta: 195
está: 5
estb: 0
estc: 0
estd: 0
este: 116
esté: 6
estf: 0
estg: 0
esth: 0
esti: 80
estí: 6
estj: 0
estk: 0
estl: 0
estm: 0
estn: 0
estñ: 0
esto: 73
estó: 3
estp: 0
estq: 0
estr: 198
ests: 0
estt: 0
estu: 56
estú: 2
estü: 0
estv: 0
estw: 0
estx: 0
esty: 0
estz: 0
est-: 0
esu: 0
esú: 0
esü: 0
esv: 5
esw: 0
esx: 0
esy: 0
esz: 0
es-: 1
et: 74
eu: 95
eú: 0
eü: 0
ev: 74
ew: 0
ex: 200
exa: 42
exá: 1
exb: 0
exc: 116
exd: 0
exe: 24
exé: 2
exf: 5
exg: 0
exh: 22
exi: 33
exí: 0
exj: 0
exk: 0
exl: 1
exm: 0
exn: 0
exñ: 0
exo: 38
exó: 7
exp: 153
exq: 3
exr: 0
exs: 0
ext: 164
exu: 13
exú: 0
exü: 0
exv: 1
exw: 0
exx: 0
exy: 0
exz: 0
ex-: 1
ey: 8
ez: 2
e-: 1
é: 43
f: 200
fa: 200
faa: 0
faá: 0
fab: 28
fac: 84
fad: 5
fae: 4
faé: 0
faf: 1
fag: 11
fah: 0
fai: 11
faí: 0
faj: 23
fak: 0
fal: 137
fam: 19
fan: 56
fañ: 3
fao: 0
faó: 0
fap: 0
faq: 3
far: 129
fas: 35
fat: 31
fau: 16
faú: 0
faü: 0
fav: 13
faw: 0
fax: 2
fay: 7
faz: 5
fa-: 0
fá: 18
fb: 0
fc: 0
fd: 0
fe: 200
fea: 3
feá: 0
feb: 14
fec: 24
fed: 11
fee: 2
feé: 1
fef: 1
feg: 0
feh: 1
fei: 1
feí: 2
fej: 1
fek: 0
fel: 27
fem: 24
fen: 32
feñ: 0
feo: 1
feó: 0
fep: 0
feq: 0
fer: 103
fes: 22
fet: 13
feu: 6
feú: 3
feü: 0
fev: 0
few: 0
fex: 0
fey: 0
fez: 1
fe-: 0
fé: 14
ff: 0
fg: 0
fh: 0
fi: 200
fia: 16
fiá: 0
fib: 18
fic: 13
fid: 18
fie: 24
fié: 0
fif: 3
fig: 28
fih: 0
fii: 0
fií: 0
fij: 15
fik: 0
fil: 143
fim: 3
fin: 63
fiñ: 2
fio: 2
fió: 0
fip: 0
fiq: 1
fir: 13
fis: 76
fit: 18
fiu: 2
fiú: 0
fiü: 0
fiv: 0
fiw: 0
fix: 0
fiy: 2
fiz: 2
fi-: 0
fí: 11
fj: 0
fk: 0
fl: 200
fla: 70
flá: 4
flb: 0
flc: 0
fld: 0
fle: 63
flé: 1
flf: 0
flg: 0
flh: 0
fli: 8
flí: 0
flj: 0
flk: 0
fll: 0
flm: 0
fln: 0
flñ: 0
flo: 83
fló: 2
flp: 0
flq: 0
flr: 0
fls: 0
flt: 0
flu: 35
flú: 1
flü: 0
flv: 0
flw: 0
flx: 0
fly: 0
flz: 0
fl-: 0
fm: 0
fn: 0
fñ: 0
fo: 200
foa: 0
foá: 0
fob: 1
foc: 10
fod: 2
foe: 0
foé: 0
fof: 1
fog: 20
foh: 0
foi: 3
foí: 0
foj: 1
fok: 0
fol: 52
fom: 7
fon: 76
foñ: 0
foo: 1
foó: 0
fop: 0
foq: 1
for: 164
fos: 39
fot: 92
fou: 0
foú: 0
foü: 0
fov: 2
fow: 0
fox: 3
foy: 1
foz: 0
fo-: 0
fó: 15
fp: 0
fq: 0
fr: 200
fra: 164
frá: 3
frb: 0
frc: 0
frd: 0
fre: 112
fré: 3
frf: 0
frg: 0
frh: 0
fri: 72
frí: 8
frj: 0
frk: 0
frl: 0
frm: 0
frn: 0
frñ: 0
fro: 29
fró: 0
frp: 0
frq: 0
frr: 0
frs: 0
frt: 0
fru: 60
frú: 1
frü: 0
frv: 0
frw: 0
frx: 0
fry: 0
frz: 0
fr-: 0
fs: 0
ft: 0
fu: 200
fua: 2
fuá: 1
fub: 0
fuc: 8
fud: 1
fue: 28
fué: 1
fuf: 4
fug: 10
fuh: 0
fui: 5
fuí: 0
fuj: 0
fuk: 0
ful: 43
fum: 29
fun: 64
fuñ: 5
fuo: 0
fuó: 0
fup: 0
fuq: 0
fur: 35
fus: 41
fut: 27
fuu: 0
fuú: 0
fuü: 0
fuv: 0
fuw: 0
fux: 0
fuy: 0
fuz: 0
fu-: 0
fú: 13
fü: 0
fv: 0
fw: 0
fx: 0
fy: 0
fz: 0
f-: 0
g: 200
ga: 200
gaa: 0
gaá: 0
gab: 25
gac: 24
gad: 2
gae: 1
gaé: 1
gaf: 10
gag: 8
gah: 0
gai: 4
gaí: 0
gaj: 6
gak: 0
gal: 200
gala: 44
galá: 3
galb: 4
galc: 1
gald: 4
gale: 27
galé: 3
galf: 1
galg: 7
galh: 0
gali: 26
galí: 0
galj: 0
galk: 0
gall: 68
galm: 0
galn: 0
galñ: 0
galo: 27
galó: 3
galp: 3
galq: 0
galr: 0
gals: 0
galt: 0
galu: 2
galú: 1
galü: 0
galv: 15
galw: 0
galx: 0
galy: 0
galz: 0
gal-: 0
gam: 63
gan: 68
gañ: 11
gao: 2
gaó: 1
gap: 1
gaq: 0
gar: 200
gara: 38
gará: 0
garb: 23
garc: 7
gard: 9
gare: 2
garé: 0
garf: 5
garg: 29
garh: 0
gari: 11
garí: 1
garj: 0
gark: 0
garl: 9
garm: 3
garn: 4
garñ: 0
garo: 3
garó: 0
garp: 2
garq: 0
garr: 73
gars: 0
gart: 0
garu: 6
garú: 1
garü: 0
garv: 1
garw: 0
garx: 0
gary: 0
garz: 6
gar-: 0
gas: 69
gat: 25
gau: 8
gaú: 0
gaü: 0
gav: 23
gaw: 0
gax: 0
gay: 10
gaz: 30
ga-: 0
gá: 27
gb: 0
gc: 0
gd: 0
ge: 200
gea: 1
geá: 0
geb: 0
gec: 1
ged: 0
gee: 0
geé: 0
gef: 0
geg: 0
geh: 1
gei: 1
geí: 0
gej: 1
gek: 0
gel: 9
gem: 22
gen: 98
geñ: 0
geo: 63
geó: 9
gep: 0
geq: 0
ger: 49
ges: 24
get: 4
geu: 0
geú: 0
geü: 0
gev: 0
gew: 0
gex: 0
gey: 0
gez: 0
ge-: 0
gé: 12
gf: 0
gg: 0
gh: 1
gi: 120
gí: 1
gj: 0
gk: 0
gl: 130
gm: 0
gn: 13
gñ: 0
go: 200
goa: 0
goá: 0
gob: 22
goc: 4
god: 8
goe: 2
goé: 0
gof: 5
gog: 1
goh: 0
goi: 0
goí: 0
goj: 1
gok: 0
gol: 66
gom: 19
gon: 22
goñ: 0
goo: 0
goó: 0
gop: 0
goq: 0
gor: 77
gos: 1
got: 14
gou: 3
goú: 0
goü: 0
gov: 0
gow: 0
gox: 0
goy: 3
goz: 10
go-: 0
gó: 6
gp: 0
gq: 0
gr: 200
gra: 200
graa: 0
graá: 0
grab: 8
grac: 15
grad: 23
grae: 0
graé: 0
graf: 24
grag: 1
grah: 0
grai: 0
graí: 0
graj: 6
grak: 0
gral: 0
gram: 29
gran: 98
grañ: 2
grao: 1
graó: 0
grap: 4
graq: 0
grar: 0
gras: 12
grat: 27
grau: 1
graú: 0
graü: 0
grav: 24
graw: 0
grax: 0
gray: 1
graz: 3
gra-: 0
grá: 8
grb: 0
grc: 0
grd: 0
gre: 40
gré: 0
grf: 0
grg: 0
grh: 0
gri: 68
grí: 2
grj: 0
grk: 0
grl: 0
grm: 0
grn: 0
grñ: 0
gro: 33
gró: 0
grp: 0
grq: 0
grr: 0
grs: 0
grt: 0
gru: 37
grú: 1
grü: 0
grv: 0
grw: 0
grx: 0
gry: 0
grz: 0
gr-: 0
gs: 0
gt: 0
gu: 200
gua: 200
guaa: 0
guaá: 0
guab: 8
guac: 34
guad: 34
guae: 0
guaé: 0
guaf: 0
guag: 4
guah: 0
guai: 17
guaí: 0
guaj: 10
guak: 0
gual: 20
guam: 10
guan: 47
guañ: 1
guao: 1
guaó: 0
guap: 14
guaq: 3
guar: 176
guas: 21
guat: 25
guau: 2
guaú: 0
guaü: 0
guav: 0
guaw: 0
guax: 0
guay: 33
guaz: 3
gua-: 0
guá: 11
gub: 9
guc: 0
gud: 0
gue: 23
gué: 0
guf: 0
gug: 0
guh: 0
gui: 130
guí: 2
guj: 1
guk: 0
gul: 13
gum: 2
gun: 1
guñ: 0
guo: 0
guó: 0
gup: 0
guq: 0
gur: 25
gus: 20
gut: 4
guu: 0
guú: 0
guü: 0
guv: 0
guw: 0
gux: 0
guy: 2
guz: 4
gu-: 0
gú: 1
gü: 41
gv: 0
gw: 0
gx: 0
gy: 0
gz: 0
g-: 0
h: 200
ha: 200
haa: 0
haá: 0
hab: 60
hac: 42
had: 11
hae: 0
haé: 0
haf: 2
hag: 4
hah: 0
hai: 6
haí: 0
haj: 0
hak: 0
hal: 52
ham: 31
han: 6
hañ: 0
hao: 1
haó: 0
hap: 5
haq: 1
har: 73
has: 7
hat: 10
hau: 1
haú: 0
haü: 0
hav: 3
haw: 1
hax: 0
hay: 7
haz: 11
ha-: 0
há: 12
hb: 0
hc: 0
hd: 0
he: 200
hea: 2
heá: 0
heb: 22
hec: 21
hed: 13
hee: 0
heé: 0
hef: 0
heg: 4
heh: 0
hei: 0
heí: 0
hej: 0
hek: 0
hel: 78
hem: 83
hen: 31
heñ: 1
heo: 0
heó: 0
hep: 23
heq: 0
her: 182
hes: 8
het: 38
heu: 2
heú: 0
heü: 0
hev: 1
hew: 0
hex: 15
hey: 0
hez: 1
he-: 0
hé: 13
hf: 0
hg: 0
hh: 0
hi: 200
hia: 5
hiá: 0
hib: 16
hic: 4
hid: 112
hie: 34
hié: 0
hif: 0
hig: 36
hih: 0
hii: 0
hií: 0
hij: 12
hik: 0
hil: 33
him: 9
hin: 30
hiñ: 1
hio: 5
hió: 0
hip: 181
hiq: 0
hir: 9
his: 75
hit: 8
hiu: 0
hiú: 0
hiü: 0
hiv: 0
hiw: 0
hix: 0
hiy: 1
hiz: 0
hi-: 0
hí: 9
hj: 0
hk: 0
hl: 0
hm: 0
hn: 0
hñ: 0
ho: 200
hoa: 1
hoá: 0
hob: 5
hoc: 12
hod: 1
hoe: 0
hoé: 0
hof: 0
hog: 7
hoh: 0
hoi: 0
hoí: 0
hoj: 19
hok: 0
hol: 54
hom: 81
hon: 59
hoñ: 0
hoo: 1
hoó: 0
hop: 8
hoq: 1
hor: 135
hos: 45
hot: 5
hou: 1
hoú: 0
hoü: 0
hov: 1
how: 0
hox: 0
hoy: 12
hoz: 6
ho-: 0
hó: 2
hp: 0
hq: 0
hr: 0
hs: 0
ht: 0
hu: 200
hua: 57
huá: 1
hub: 0
huc: 5
hud: 0
hue: 54
hué: 6
huf: 0
hug: 1
huh: 0
hui: 31
huí: 0
huj: 0
huk: 0
hul: 11
hum: 79
hun: 7
huñ: 0
huo: 0
huó: 0
hup: 1
huq: 0
hur: 41
hus: 13
hut: 3
huu: 0
huú: 0
huü: 0
huv: 0
huw: 0
hux: 0
huy: 2
huz: 0
hu-: 0
hú: 9
hü: 0
hv: 0
hw: 0
hx: 0
hy: 0
hz: 0
h-: 0
i: 200
ia: 2
iá: 0
ib: 14
ic: 48
id: 69
ie: 0
ié: 0
if: 0
ig: 54
ih: 0
ii: 0
ií: 0
ij: 6
ik: 3
il: 82
im: 200
ima: 22
imá: 1
imb: 20
imc: 0
imd: 0
ime: 1
imé: 0
imf: 0
img: 0
imh: 0
imi: 7
imí: 0
imj: 0
imk: 0
iml: 0
imm: 0
imn: 0
imñ: 0
imo: 1
imó: 0
imp: 200
impa: 28
impá: 2
impb: 0
impc: 0
impd: 0
impe: 81
impé: 1
impf: 0
impg: 0
imph: 0
impi: 4
impí: 4
impj: 0
impk: 0
impl: 28
impm: 0
impn: 0
impñ: 0
impo: 47
impó: 0
impp: 0
impq: 0
impr: 87
imps: 0
impt: 0
impu: 41
impú: 4
impü: 0
impv: 0
impw: 0
impx: 0
impy: 0
impz: 0
imp-: 0
imq: 0
imr: 0
ims: 0
imt: 0
imu: 0
imú: 0
imü: 0
imv: 0
imw: 0
imx: 0
imy: 0
imz: 0
im-: 1
in: 200
ina: 93
iná: 1
inb: 0
inc: 200
inca: 33
incá: 1
incb: 0
incc: 0
incd: 0
ince: 28
incé: 0
incf: 0
incg: 0
inch: 0
inci: 33
incí: 1
incj: 0
inck: 0
incl: 21
incm: 0
incn: 0
incñ: 0
inco: 164
incó: 5
incp: 0
incq: 0
incr: 21
incs: 0
inct: 0
incu: 42
incú: 0
incü: 0
incv: 0
incw: 0
incx: 0
incy: 0
incz: 0
inc-: 0
ind: 200
inda: 6
indá: 0
indb: 0
indc: 0
indd: 0
inde: 76
indé: 0
indf: 0
indg: 0
indh: 0
indi: 108
indí: 1
indj: 0
indk: 0
indl: 0
indm: 0
indn: 0
indñ: 0
indo: 34
indó: 2
indp: 0
indq: 0
indr: 0
inds: 0
indt: 0
indu: 35
indú: 0
indü: 0
indv: 0
indw: 0
indx: 0
indy: 0
indz: 0
ind-: 0
ine: 95
iné: 1
inf: 200
infa: 48
infá: 0
infb: 0
infc: 0
infd: 0
infe: 33
infé: 1
inff: 0
infg: 0
infh: 0
infi: 33
infí: 0
infj: 0
infk: 0
infl: 29
infm: 0
infn: 0
infñ: 0
info: 27
infó: 0
infp: 0
infq: 0
infr: 36
infs: 0
inft: 0
infu: 17
infú: 0
infü: 0
infv: 0
infw: 0
infx: 0
infy: 0
infz: 0
inf-: 0
ing: 47
inh: 39
ini: 32
iní: 0
inj: 23
ink: 0
inl: 1
inm: 113
inn: 29
inñ: 0
ino: 39
inó: 1
inp: 1
inq: 23
inr: 1
ins: 200
insa: 20
insá: 0
insb: 0
insc: 7
insd: 0
inse: 29
insé: 0
insf: 0
insg: 0
insh: 0
insi: 27
insí: 2
insj: 0
insk: 0
insl: 0
insm: 0
insn: 0
insñ: 0
inso: 30
insó: 1
insp: 11
insq: 0
insr: 0
inss: 0
inst: 57
insu: 54
insú: 0
insü: 0
insv: 0
insw: 0
insx: 0
insy: 0
insz: 0
ins-: 0
int: 200
inta: 4
intá: 0
intb: 0
intc: 0
intd: 0
inte: 200
intea: 0
inteá: 0
inteb: 0
intec: 0
inted: 0
intee: 0
inteé: 0
intef: 0
integ: 16
inteh: 0
intei: 0
inteí: 0
intej: 0
intek: 0
intel: 21
intem: 11
inten: 25
inteñ: 0
inteo: 0
inteó: 0
intep: 0
inteq: 0
inter: 200
intera: 9
interá: 0
interb: 1
interc: 35
interd: 12
intere: 10
interé: 2
interf: 11
interg: 5
interh: 0
interi: 20
interí: 0
interj: 2
interk: 0
interl: 10
interm: 20
intern: 20
interñ: 0
intero: 1
interó: 1
interp: 27
interq: 0
interr: 16
inters: 10
intert: 3
interu: 1
interú: 0
interü: 0
interv: 12
interw: 0
interx: 0
intery: 1
interz: 1
inter-: 1
intes: 4
intet: 0
inteu: 0
inteú: 0
inteü: 0
intev: 0
intew: 0
intex: 0
intey: 0
intez: 0
inte-: 0
inté: 2
intf: 0
intg: 0
inth: 0
inti: 17
intí: 0
intj: 0
intk: 0
intl: 0
intm: 0
intn: 0
intñ: 0
into: 10
intó: 0
intp: 0
intq: 0
intr: 83
ints: 0
intt: 0
intu: 11
intú: 0
intü: 0
intv: 0
intw: 0
intx: 0
inty: 0
intz: 0
int-: 0
inu: 19
inú: 2
inü: 0
inv: 128
inw: 0
inx: 0
iny: 8
inz: 0
in-: 1
iñ: 1
io: 12
ió: 1
ip: 9
iq: 3
ir: 159
is: 100
it: 26
iu: 2
iú: 0
iü: 0
iv: 2
iw: 0
ix: 1
iy: 0
iz: 15
i-: 1
í: 42
j: 200
ja: 200
jaa: 0
jaá: 0
jab: 46
jac: 48
jad: 7
jae: 5
jaé: 1
jaf: 1
jag: 9
jah: 3
jai: 10
jaí: 0
jaj: 2
jak: 0
jal: 40
jam: 30
jan: 10
jañ: 1
jao: 0
jaó: 0
jap: 5
jaq: 17
jar: 69
jas: 8
jat: 5
jau: 9
jaú: 1
jaü: 0
jav: 4
jaw: 0
jax: 0
jay: 3
jaz: 8
ja-: 0
já: 12
jb: 0
jc: 0
jd: 0
je: 97
jé: 0
jf: 0
jg: 0
jh: 0
ji: 104
jí: 6
jj: 0
jk: 0
jl: 0
jm: 0
jn: 0
jñ: 0
jo: 112
jó: 1
jp: 0
jq: 0
jr: 0
js: 0
jt: 0
ju: 200
jua: 13
juá: 1
jub: 17
juc: 1
jud: 32
jue: 12
jué: 0
juf: 0
jug: 28
juh: 0
jui: 6
juí: 0
juj: 3
juk: 0
jul: 10
jum: 13
jun: 39
juñ: 1
juo: 0
juó: 0
jup: 4
juq: 3
jur: 39
jus: 33
jut: 4
juu: 0
juú: 0
juü: 0
juv: 4
juw: 0
jux: 0
juy: 0
juz: 7
ju-: 0
jú: 5
jü: 0
jv: 0
jw: 0
jx: 0
jy: 0
jz: 0
j-: 0
k: 122
l: 200
la: 200
laa: 0
laá: 0
lab: 61
lac: 66
lad: 49
lae: 0
laé: 0
laf: 0
lag: 43
lah: 0
lai: 13
laí: 2
laj: 2
lak: 0
lal: 0
lam: 108
lan: 100
lañ: 3
lao: 2
laó: 0
lap: 29
laq: 4
lar: 51
las: 28
lat: 72
lau: 35
laú: 1
laü: 0
lav: 48
law: 1
lax: 10
lay: 5
laz: 11
la-: 0
lá: 23
lb: 0
lc: 0
ld: 0
le: 200
lea: 5
leá: 0
leb: 18
lec: 48
led: 5
lee: 2
leé: 0
lef: 1
leg: 65
leh: 0
lei: 5
leí: 5
lej: 11
lek: 0
lel: 2
lem: 22
len: 66
leñ: 12
leo: 14
leó: 2
lep: 15
leq: 0
ler: 13
les: 19
let: 33
leu: 17
leú: 0
leü: 0
lev: 38
lew: 0
lex: 13
ley: 3
lez: 4
le-: 0
lé: 7
lf: 0
lg: 0
lh: 0
li: 200
lia: 6
liá: 1
lib: 81
lic: 48
lid: 16
lie: 20
lié: 0
lif: 2
lig: 44
lih: 0
lii: 0
lií: 0
lij: 7
lik: 0
lil: 9
lim: 75
lin: 79
liñ: 3
lio: 6
lió: 0
lip: 23
liq: 9
lir: 9
lis: 41
lit: 70
liu: 2
liú: 0
liü: 0
liv: 10
liw: 0
lix: 3
liy: 0
liz: 2
li-: 0
lí: 26
lj: 0
lk: 0
ll: 133
lm: 0
ln: 0
lñ: 0
lo: 200
loa: 7
loá: 0
lob: 27
loc: 45
lod: 12
loe: 0
loé: 0
lof: 1
log: 31
loh: 0
loi: 2
loí: 3
loj: 2
lok: 0
lol: 6
lom: 29
lon: 39
loñ: 0
loo: 2
loó: 0
lop: 2
loq: 9
lor: 20
los: 8
lot: 16
lou: 0
loú: 0
loü: 0
lov: 1
low: 0
lox: 2
loy: 0
loz: 6
lo-: 0
ló: 7
lp: 0
lq: 0
lr: 0
ls: 0
lt: 0
lu: 200
lua: 0
luá: 0
lub: 13
luc: 58
lud: 13
lue: 6
lué: 1
luf: 0
lug: 8
luh: 0
lui: 5
luí: 0
luj: 10
luk: 0
lul: 5
lum: 34
lun: 21
luñ: 0
luo: 0
luó: 0
lup: 9
luq: 2
lur: 1
lus: 24
lut: 11
luu: 0
luú: 0
luü: 0
luv: 2
luw: 0
lux: 5
luy: 0
luz: 1
lu-: 0
lú: 18
lü: 0
lv: 0
lw: 0
lx: 0
ly: 1
lz: 0
l-: 0
m: 200
ma: 200
maa: 0
maá: 0
mab: 3
mac: 188
mad: 79
mae: 30
maé: 0
maf: 4
mag: 120
mah: 19
mai: 17
maí: 4
maj: 50
mak: 0
mal: 200
mala: 68
malá: 1
malb: 4
malc: 17
mald: 17
male: 42
malé: 3
malf: 6
malg: 6
malh: 10
mali: 23
malí: 1
malj: 0
malk: 0
mall: 12
malm: 11
maln: 3
malñ: 0
malo: 12
maló: 1
malp: 9
malq: 6
malr: 2
mals: 9
malt: 18
malu: 6
malú: 0
malü: 0
malv: 21
malw: 0
malx: 0
maly: 0
malz: 0
mal-: 0
mam: 79
man: 200
mana: 19
maná: 1
manb: 0
manc: 44
mand: 59
mane: 16
mané: 1
manf: 5
mang: 60
manh: 0
mani: 71
maní: 5
manj: 7
mank: 0
manl: 2
manm: 0
mann: 0
manñ: 0
mano: 23
manó: 1
manp: 0
manq: 3
manr: 2
mans: 20
mant: 52
manu: 27
manú: 1
manü: 0
manv: 1
manw: 0
manx: 0
many: 1
manz: 12
man-: 0
mañ: 19
mao: 4
maó: 0
map: 14
maq: 40
mar: 200
mara: 37
mará: 0
marb: 2
marc: 50
mard: 2
mare: 21
maré: 0
marf: 5
marg: 26
marh: 0
mari: 96
marí: 2
marj: 3
mark: 1
marl: 3
marm: 21
marn: 0
marñ: 0
maro: 11
maró: 1
marp: 0
marq: 12
marr: 37
mars: 7
mart: 35
maru: 8
marú: 0
marü: 0
marv: 0
marw: 0
marx: 2
mary: 0
marz: 7
mar-: 0
mas: 114
mat: 171
mau: 16
maú: 1
maü: 0
mav: 3
maw: 0
max: 10
may: 46
maz: 36
ma-: 0
má: 40
mb: 1
mc: 0
md: 0
me: 200
mea: 14
meá: 0
meb: 0
mec: 53
med: 116
mee: 0
meé: 0
mef: 2
meg: 19
meh: 1
mei: 4
meí: 0
mej: 23
mek: 0
mel: 124
mem: 45
men: 181
meñ: 1
meo: 4
meó: 1
mep: 0
meq: 2
mer: 130
mes: 87
met: 161
meu: 0
meú: 0
meü: 0
mev: 0
mew: 0
mex: 8
mey: 2
mez: 26
me-: 0
mé: 18
mf: 0
mg: 0
mh: 0
mi: 200
mia: 11
miá: 0
mib: 0
mic: 99
mid: 2
mie: 27
mié: 3
mif: 0
mig: 17
mih: 1
mii: 0
mií: 0
mij: 3
mik: 1
mil: 99
mim: 32
min: 116
miñ: 4
mio: 17
mió: 0
mip: 0
miq: 3
mir: 66
mis: 75
mit: 43
miu: 3
miú: 0
miü: 0
miv: 0
miw: 0
mix: 18
miy: 0
miz: 4
mi-: 0
mí: 20
mj: 0
mk: 0
ml: 0
mm: 0
mn: 5
mñ: 0
mo: 200
moa: 4
moá: 1
mob: 5
moc: 41
mod: 75
moe: 1
moé: 0
mof: 10
mog: 12
moh: 23
moi: 1
moí: 0
moj: 32
mok: 0
mol: 113
mom: 14
mon: 200
mona: 18
moná: 2
monb: 0
monc: 1
mond: 20
mone: 20
moné: 0
monf: 2
mong: 6
monh: 0
moni: 21
moní: 1
monj: 7
monk: 0
monl: 0
monm: 0
monn: 0
monñ: 0
mono: 108
monó: 10
monp: 0
monq: 0
monr: 1
mons: 8
mont: 79
monu: 8
monú: 0
monü: 0
monv: 0
monw: 0
monx: 0
mony: 0
monz: 2
mon-: 0
moñ: 6
moo: 0
moó: 0
mop: 2
moq: 12
mor: 200
mora: 34
morá: 2
morb: 7
morc: 15
mord: 26
more: 18
moré: 0
morf: 18
morg: 6
morh: 0
mori: 25
morí: 0
morj: 0
mork: 0
morl: 3
morm: 8
morn: 0
morñ: 0
moro: 20
moró: 1
morp: 0
morq: 2
morr: 24
mors: 3
mort: 25
moru: 6
morú: 0
morü: 0
morv: 0
morw: 0
morx: 0
mory: 0
morz: 0
mor-: 0
mos: 78
mot: 60
mou: 1
moú: 0
moü: 0
mov: 15
mow: 0
mox: 2
moy: 5
moz: 17
mo-: 0
mó: 12
mp: 0
mq: 0
mr: 0
ms: 0
mt: 0
mu: 200
mua: 2
muá: 0
mub: 1
muc: 28
mud: 12
mue: 37
mué: 3
muf: 5
mug: 16
muh: 1
mui: 5
muí: 0
muj: 13
muk: 0
mul: 104
mum: 0
mun: 43
muñ: 14
muo: 1
muó: 0
mup: 0
muq: 2
mur: 60
mus: 74
mut: 28
muu: 0
muú: 0
muü: 0
muv: 0
muw: 0
mux: 0
muy: 3
muz: 1
mu-: 0
mú: 14
mü: 0
mv: 0
mw: 0
mx: 0
my: 0
mz: 0
m-: 0
n: 200
na: 200
naa: 0
naá: 0
nab: 16
nac: 39
nad: 15
nae: 0
naé: 0
naf: 6
nag: 9
nah: 6
nai: 9
naí: 1
naj: 4
nak: 0
nal: 11
nam: 3
nan: 21
nañ: 0
nao: 2
naó: 0
nap: 12
naq: 0
nar: 75
nas: 15
nat: 32
nau: 13
naú: 0
naü: 0
nav: 36
naw: 0
nax: 0
nay: 2
naz: 7
na-: 0
ná: 12
nb: 0
nc: 0
nd: 2
ne: 200
nea: 4
neá: 0
neb: 22
nec: 40
ned: 0
nee: 1
neé: 0
nef: 20
neg: 63
neh: 0
nei: 3
neí: 0
nej: 3
nek: 0
nel: 4
nem: 13
nen: 8
neñ: 0
neo: 52
neó: 4
nep: 15
neq: 2
ner: 22
nes: 13
net: 4
neu: 84
neú: 0
neü: 0
nev: 18
new: 2
nex: 1
ney: 0
nez: 0
ne-: 0
né: 7
nf: 0
ng: 0
nh: 0
ni: 156
ní: 11
nj: 0
nk: 0
nl: 0
nm: 0
nn: 0
nñ: 0
no: 200
noa: 0
noá: 0
nob: 9
noc: 32
nod: 6
noe: 3
noé: 1
nof: 0
nog: 7
noh: 0
noi: 0
noí: 0
noj: 0
nok: 0
nol: 6
nom: 41
non: 19
noñ: 0
noo: 1
noó: 1
nop: 3
noq: 3
nor: 59
nos: 15
not: 33
nou: 0
noú: 1
noü: 0
nov: 57
now: 0
nox: 1
noy: 1
noz: 0
no-: 0
nó: 9
np: 0
nq: 0
nr: 0
ns: 0
nt: 0
nu: 123
nú: 4
nü: 0
nv: 0
nw: 0
nx: 0
ny: 0
nz: 0
n-: 0
ñ: 80
o: 200
oa: 3
oá: 0
ob: 177
oc: 147
od: 27
oe: 8
oé: 0
of: 65
og: 3
oh: 4
oi: 3
oí: 7
oj: 50
ok: 3
ol: 126
om: 39
on: 77
oñ: 0
oo: 5
oó: 1
op: 112
oq: 4
or: 200
ora: 21
orá: 2
orb: 9
orc: 5
ord: 30
ore: 25
oré: 3
orf: 13
org: 36
orh: 0
ori: 50
orí: 3
orj: 0
ork: 0
orl: 7
orm: 2
orn: 17
orñ: 0
oro: 23
oró: 2
orp: 0
orq: 11
orr: 0
ors: 0
ort: 36
oru: 3
orú: 0
orü: 0
orv: 3
orw: 0
orx: 0
ory: 0
orz: 6
or-: 0
os: 115
ot: 56
ou: 1
oú: 0
oü: 0
ov: 47
ow: 0
ox: 31
oy: 1
oz: 6
o-: 0
ó: 39
p: 200
pa: 200
paa: 0
paá: 0
pab: 5
pac: 72
pad: 21
pae: 3
paé: 0
paf: 3
pag: 29
pah: 2
pai: 29
paí: 1
paj: 49
pak: 1
pal: 200
pala: 75
palá: 0
palb: 0
palc: 2
pald: 0
pale: 54
palé: 2
palf: 0
palg: 0
palh: 1
pali: 33
palí: 1
palj: 0
palk: 0
pall: 11
palm: 40
paln: 0
palñ: 0
palo: 26
paló: 1
palp: 13
palq: 2
palr: 0
pals: 0
palt: 4
palu: 11
palú: 1
palü: 0
palv: 0
palw: 0
palx: 0
paly: 0
palz: 0
pal-: 0
pam: 35
pan: 200
pana: 32
paná: 2
panb: 0
panc: 25
pand: 36
pane: 24
pané: 0
panf: 4
pang: 11
panh: 6
pani: 19
paní: 2
panj: 1
pank: 0
panl: 3
panm: 0
pann: 0
panñ: 0
pano: 12
panó: 1
panp: 0
panq: 3
panr: 0
pans: 5
pant: 40
panu: 5
panú: 0
panü: 0
panv: 0
panw: 0
panx: 0
pany: 0
panz: 5
pan-: 1
pañ: 27
pao: 1
paó: 0
pap: 121
paq: 16
par: 200
para: 189
pará: 8
parb: 0
parc: 29
pard: 13
pare: 38
paré: 3
parf: 0
parg: 2
parh: 3
pari: 31
parí: 0
parj: 0
park: 4
parl: 20
parm: 1
parn: 4
parñ: 0
paro: 20
paró: 4
parp: 8
parq: 8
parr: 31
pars: 5
part: 57
paru: 1
parú: 0
parü: 0
parv: 13
parw: 0
parx: 0
pary: 0
parz: 0
par-: 0
pas: 200
pasa: 59
pasá: 0
pasb: 0
pasc: 11
pasd: 0
pase: 13
pasé: 0
pasf: 0
pasg: 0
pash: 0
pasi: 28
pasí: 0
pasj: 0
pask: 0
pasl: 0
pasm: 10
pasn: 0
pasñ: 0
paso: 6
pasó: 0
pasp: 3
pasq: 4
pasr: 0
pass: 1
past: 70
pasu: 1
pasú: 0
pasü: 0
pasv: 0
pasw: 0
pasx: 0
pasy: 0
pasz: 0
pas-: 0
pat: 200
pata: 52
patá: 1
patb: 0
patc: 0
patd: 0
pate: 31
paté: 3
patf: 0
patg: 0
path: 1
pati: 35
patí: 3
patj: 0
patk: 0
patl: 0
patm: 0
patn: 0
patñ: 0
pato: 18
pató: 3
patp: 0
patq: 0
patr: 51
pats: 0
patt: 0
patu: 7
patú: 0
patü: 0
patv: 0
patw: 0
patx: 0
paty: 0
patz: 0
pat-: 0
pau: 27
paú: 1
paü: 0
pav: 40
paw: 0
pax: 1
pay: 16
paz: 7
pa-: 0
pá: 36
pb: 0
pc: 2
pd: 0
pe: 200
pea: 13
peá: 1
peb: 6
pec: 83
ped: 106
pee: 1
peé: 0
pef: 0
peg: 46
peh: 2
pei: 16
peí: 0
pej: 10
pek: 1
pel: 179
pem: 1
pen: 145
peñ: 17
peo: 12
peó: 1
pep: 31
peq: 10
per: 200
pera: 11
perá: 0
perb: 1
perc: 54
perd: 32
pere: 47
peré: 0
perf: 42
perg: 6
perh: 0
peri: 94
perí: 12
perj: 11
perk: 0
perl: 13
perm: 31
pern: 27
perñ: 0
pero: 16
peró: 1
perp: 22
perq: 2
perr: 23
pers: 62
pert: 24
peru: 7
perú: 1
perü: 0
perv: 13
perw: 0
perx: 0
pery: 0
perz: 0
per-: 1
pes: 102
pet: 79
peu: 3
peú: 1
peü: 0
pev: 0
pew: 0
pex: 0
pey: 4
pez: 9
pe-: 0
pé: 30
pf: 0
pg: 0
ph: 0
pi: 200
pia: 32
piá: 0
pib: 4
pic: 161
pid: 5
pie: 33
pié: 2
pif: 3
pig: 14
pih: 2
pii: 0
pií: 0
pij: 19
pik: 0
pil: 64
pim: 24
pin: 140
piñ: 16
pio: 23
pió: 0
pip: 36
piq: 16
pir: 114
pis: 80
pit: 79
piu: 8
piú: 0
piü: 0
piv: 3
piw: 0
pix: 2
piy: 1
piz: 25
pi-: 0
pí: 31
pj: 0
pk: 0
pl: 200
pla: 200
plaa: 0
plaá: 0
plab: 0
plac: 27
plad: 1
plae: 0
plaé: 0
plaf: 2
plag: 15
plah: 0
plai: 0
plaí: 0
plaj: 0
plak: 0
plal: 0
plam: 0
plan: 78
plañ: 5
plao: 0
plaó: 0
plap: 0
plaq: 4
plar: 0
plas: 21
plat: 55
plau: 7
plaú: 0
plaü: 0
plav: 0
plaw: 0
plax: 0
play: 12
plaz: 4
pla-: 0
plá: 11
plb: 0
plc: 0
pld: 0
ple: 64
plé: 2
plf: 0
plg: 0
plh: 0
pli: 12
plí: 0
plj: 0
plk: 0
pll: 0
plm: 0
pln: 0
plñ: 0
plo: 15
pló: 1
plp: 0
plq: 0
plr: 0
pls: 0
plt: 0
plu: 85
plú: 6
plü: 0
plv: 0
plw: 0
plx: 0
ply: 0
plz: 0
pl-: 0
pm: 0
pn: 1
pñ: 0
po: 200
poa: 1
poá: 0
pob: 29
poc: 22
pod: 39
poe: 12
poé: 3
pof: 0
pog: 1
poh: 0
poi: 5
poí: 1
poj: 0
pok: 0
pol: 200
pola: 16
polá: 0
polb: 0
polc: 3
pold: 0
pole: 14
polé: 2
polf: 0
polg: 0
polh: 0
poli: 142
polí: 19
polj: 0
polk: 0
poll: 19
polm: 0
poln: 0
polñ: 0
polo: 7
poló: 0
polp: 0
polq: 0
polr: 0
pols: 0
polt: 4
polu: 3
polú: 0
polü: 0
polv: 22
polw: 0
polx: 0
poly: 0
polz: 0
pol-: 0
pom: 31
pon: 70
poñ: 0
poo: 0
poó: 0
pop: 37
poq: 4
por: 200
pora: 1
porá: 0
porb: 0
porc: 20
pord: 4
pore: 0
poré: 0
porf: 11
porg: 2
porh: 0
pori: 1
porí: 1
porj: 0
pork: 0
porl: 0
porm: 4
porn: 4
porñ: 0
poro: 9
poró: 0
porp: 0
porq: 10
porr: 19
pors: 1
port: 124
poru: 0
porú: 0
porü: 0
porv: 4
porw: 0
porx: 0
pory: 0
porz: 0
por-: 0
pos: 200
posa: 12
posá: 0
posb: 2
posc: 8
posd: 4
pose: 14
posé: 0
posf: 4
posg: 4
posh: 0
posi: 25
posí: 0
posj: 0
posk: 0
posl: 1
posm: 7
posn: 2
posñ: 0
poso: 3
posó: 2
posp: 12
posq: 0
posr: 2
poss: 0
post: 112
posu: 0
posú: 0
posü: 0
posv: 3
posw: 0
posx: 0
posy: 0
posz: 0
pos-: 1
pot: 62
pou: 0
poú: 0
poü: 0
pov: 1
pow: 0
pox: 0
poy: 7
poz: 8
po-: 0
pó: 25
pp: 0
pq: 0
pr: 200
pra: 38
prá: 5
prb: 0
prc: 0
prd: 0
pre: 200
prea: 9
preá: 1
preb: 9
prec: 96
pred: 49
pree: 10
preé: 0
pref: 26
preg: 19
preh: 6
prei: 8
preí: 0
prej: 9
prek: 1
prel: 12
prem: 39
pren: 36
preñ: 3
preo: 9
preó: 0
prep: 33
preq: 0
prer: 10
pres: 139
pret: 42
preu: 2
preú: 0
preü: 0
prev: 32
prew: 0
prex: 0
prey: 0
prez: 1
pre-: 1
pré: 6
prf: 0
prg: 0
prh: 0
pri: 141
prí: 5
prj: 0
prk: 0
prl: 0
prm: 0
prn: 0
prñ: 0
pro: 200
proa: 4
proá: 0
prob: 31
proc: 66
prod: 25
proe: 5
proé: 0
prof: 59
prog: 27
proh: 13
proi: 2
proí: 2
proj: 0
prok: 0
prol: 35
prom: 35
pron: 24
proñ: 0
proo: 0
proó: 0
prop: 80
proq: 0
pror: 9
pros: 59
prot: 77
prou: 1
proú: 0
proü: 0
prov: 61
prow: 0
prox: 5
proy: 11
proz: 0
pro-: 1
pró: 24
prp: 0
prq: 0
prr: 0
prs: 0
prt: 0
pru: 16
prú: 1
prü: 0
prv: 0
prw: 0
prx: 0
pry: 0
prz: 0
pr-: 0
ps: 93
pt: 10
pu: 200
pua: 2
puá: 0
pub: 22
puc: 20
pud: 23
pue: 43
pué: 1
puf: 2
pug: 11
puh: 0
pui: 0
puí: 0
puj: 14
puk: 0
pul: 81
pum: 7
pun: 87
puñ: 18
puo: 0
puó: 0
pup: 13
puq: 2
pur: 44
pus: 6
put: 33
puu: 0
puú: 0
puü: 0
puv: 0
puw: 0
pux: 0
puy: 7
puz: 3
pu-: 0
pú: 18
pü: 0
pv: 0
pw: 0
px: 0
py: 1
pz: 0
p-: 0
q: 200
qa: 0
qá: 0
qb: 0
qc: 0
qd: 0
qe: 0
qé: 0
qf: 0
qg: 0
qh: 0
qi: 0
qí: 0
qj: 0
qk: 0
ql: 0
qm: 0
qn: 0
qñ: 0
qo: 0
qó: 0
qp: 0
qq: 0
qr: 0
qs: 0
qt: 0
qu: 200
qua: 5
quá: 0
qub: 0
quc: 0
qud: 0
que: 169
qué: 2
quf: 0
qug: 0
quh: 0
qui: 200
quia: 4
quiá: 0
quib: 3
quic: 9
quid: 3
quie: 24
quié: 2
quif: 1
quig: 0
quih: 1
quii: 0
quií: 0
quij: 18
quik: 0
quil: 38
quim: 25
quin: 109
quiñ: 5
quio: 3
quió: 0
quip: 2
quiq: 3
quir: 29
quis: 17
quit: 32
quiu: 0
quiú: 0
quiü: 0
quiv: 1
quiw: 0
quix: 0
quiy: 0
quiz: 4
qui-: 0
quí: 10
quj: 0
quk: 0
qul: 0
qum: 0
qun: 0
quñ: 0
quo: 1
quó: 0
qup: 0
quq: 0
qur: 0
qus: 0
qut: 0
quu: 0
quú: 0
quü: 0
quv: 0
quw: 0
qux: 0
quy: 0
quz: 0
qu-: 0
qú: 0
qü: 0
qv: 0
qw: 0
qx: 0
qy: 0
qz: 0
q-: 0
r: 200
ra: 200
raa: 0
raá: 0
rab: 65
rac: 41
rad: 124
rae: 5
raé: 0
raf: 11
rag: 9
rah: 3
rai: 17
raí: 3
raj: 17
rak: 1
ral: 19
ram: 57
ran: 52
rañ: 2
rao: 0
raó: 0
rap: 51
raq: 16
rar: 12
ras: 124
rat: 34
rau: 7
raú: 0
raü: 0
rav: 5
raw: 1
rax: 0
ray: 18
raz: 15
ra-: 0
rá: 22
rb: 0
rc: 0
rd: 0
re: 200
rea: 99
reá: 0
reb: 133
rec: 200
reca: 82
recá: 1
recb: 0
recc: 1
recd: 0
rece: 49
recé: 1
recf: 0
recg: 0
rech: 17
reci: 40
recí: 2
recj: 0
reck: 0
recl: 17
recm: 0
recn: 0
recñ: 0
reco: 132
recó: 2
recp: 0
recq: 0
recr: 24
recs: 0
rect: 24
recu: 49
recú: 0
recü: 0
recv: 0
recw: 0
recx: 0
recy: 0
recz: 0
rec-: 0
red: 114
ree: 58
reé: 0
ref: 167
reg: 170
reh: 47
rei: 58
reí: 1
rej: 28
rek: 0
rel: 117
rem: 177
ren: 104
reñ: 6
reo: 14
reó: 4
rep: 200
repa: 42
repá: 1
repb: 0
repc: 0
repd: 0
repe: 53
repé: 0
repf: 0
repg: 0
reph: 0
repi: 20
repí: 0
repj: 0
repk: 0
repl: 17
repm: 0
repn: 0
repñ: 0
repo: 41
repó: 2
repp: 0
repq: 0
repr: 56
reps: 1
rept: 6
repu: 33
repú: 2
repü: 0
repv: 0
repw: 0
repx: 0
repy: 0
repz: 0
rep-: 0
req: 30
rer: 0
res: 200
resa: 27
resá: 0
resb: 11
resc: 23
resd: 0
rese: 32
resé: 0
resf: 7
resg: 2
resh: 0
resi: 37
resí: 0
resj: 0
resk: 0
resl: 0
resm: 2
resn: 0
resñ: 0
reso: 38
resó: 0
resp: 61
resq: 16
resr: 0
ress: 0
rest: 51
resu: 31
resú: 0
resü: 0
resv: 0
resw: 0
resx: 0
resy: 0
resz: 0
res-: 1
ret: 200
reta: 48
retá: 0
retb: 0
retc: 0
retd: 0
rete: 24
reté: 1
retf: 0
retg: 0
reth: 0
reti: 20
retí: 3
retj: 0
retk: 0
retl: 0
retm: 0
retn: 0
retñ: 0
reto: 43
retó: 3
retp: 0
retq: 0
retr: 85
rets: 0
rett: 0
retu: 7
retú: 0
retü: 0
retv: 0
retw: 0
retx: 0
rety: 0
retz: 0
ret-: 0
reu: 19
reú: 1
reü: 0
rev: 162
rew: 0
rex: 0
rey: 6
rez: 26
re-: 1
ré: 20
rf: 0
rg: 0
rh: 0
ri: 200
ria: 7
riá: 0
rib: 26
ric: 16
rid: 6
rie: 12
rié: 0
rif: 10
rig: 15
rih: 0
rii: 0
rií: 0
rij: 6
rik: 0
ril: 1
rim: 10
rin: 24
riñ: 5
rio: 13
rió: 0
rip: 7
riq: 1
rir: 0
ris: 30
rit: 13
riu: 0
riú: 0
riü: 0
riv: 5
riw: 0
rix: 0
riy: 0
riz: 18
ri-: 0
rí: 7
rj: 0
rk: 0
rl: 0
rm: 0
rn: 0
rñ: 0
ro: 200
roa: 4
roá: 0
rob: 62
roc: 49
rod: 60
roe: 7
roé: 0
rof: 0
rog: 9
roh: 0
roi: 0
roí: 1
roj: 10
rok: 0
rol: 21
rom: 92
ron: 51
roñ: 8
roo: 0
roó: 0
rop: 11
roq: 11
ror: 4
ros: 62
rot: 39
rou: 3
roú: 0
roü: 0
rov: 0
row: 0
rox: 0
roy: 4
roz: 17
ro-: 0
ró: 6
rp: 0
rq: 0
rr: 1
rs: 0
rt: 0
ru: 200
rua: 7
ruá: 0
rub: 37
ruc: 10
rud: 8
rue: 10
rué: 0
ruf: 9
rug: 11
ruh: 0
rui: 16
ruí: 0
ruj: 2
ruk: 0
rul: 10
rum: 33
run: 15
ruñ: 3
ruo: 0
ruó: 0
rup: 9
ruq: 1
rur: 6
rus: 19
rut: 15
ruu: 0
ruú: 0
ruü: 0
ruv: 0
ruw: 0
rux: 0
ruy: 0
ruz: 0
ru-: 0
rú: 10
rü: 0
rv: 0
rw: 0
rx: 0
ry: 0
rz: 0
r-: 0
s: 200
sa: 200
saa: 0
saá: 0
sab: 103
sac: 130
sad: 5
sae: 12
saé: 0
saf: 6
sag: 23
sah: 14
sai: 6
saí: 2
saj: 10
sak: 1
sal: 200
sala: 44
salá: 0
salb: 6
salc: 14
sald: 6
sale: 16
salé: 0
salf: 1
salg: 9
salh: 0
sali: 41
salí: 2
salj: 0
salk: 0
sall: 4
salm: 22
saln: 0
salñ: 0
salo: 12
saló: 1
salp: 16
salq: 0
salr: 0
sals: 14
salt: 56
salu: 17
salú: 0
salü: 0
salv: 48
salw: 0
salx: 0
saly: 0
salz: 1
sal-: 0
sam: 51
san: 200
sana: 20
saná: 0
sanb: 0
sanc: 24
sand: 21
sane: 4
sané: 0
sanf: 4
sang: 53
sanh: 0
sani: 6
saní: 1
sanj: 11
sank: 0
sanl: 7
sanm: 8
sann: 0
sanñ: 0
sano: 1
sanó: 0
sanp: 0
sanq: 0
sanr: 1
sans: 9
sant: 67
sanu: 0
sanú: 0
sanü: 0
sanv: 1
sanw: 0
sanx: 0
sany: 0
sanz: 0
san-: 0
sañ: 5
sao: 1
saó: 1
sap: 34
saq: 10
sar: 117
sas: 7
sat: 40
sau: 20
saú: 1
saü: 0
sav: 1
saw: 1
sax: 10
say: 14
saz: 6
sa-: 0
sá: 25
sb: 0
sc: 1
sd: 0
se: 200
sea: 0
seá: 0
seb: 17
sec: 99
sed: 39
see: 1
seé: 0
sef: 2
seg: 66
seh: 0
sei: 12
seí: 1
sej: 1
sek: 0
sel: 39
sem: 162
sen: 104
señ: 37
seo: 2
seó: 1
sep: 47
seq: 10
ser: 169
ses: 48
set: 22
seu: 9
seú: 0
seü: 0
sev: 7
sew: 0
sex: 50
sey: 1
sez: 0
se-: 0
sé: 20
sf: 0
sg: 0
sh: 14
si: 200
sia: 3
siá: 0
sib: 11
sic: 84
sid: 17
sie: 30
sié: 0
sif: 12
sig: 42
sih: 0
sii: 0
sií: 0
sij: 3
sik: 0
sil: 84
sim: 73
sin: 169
siñ: 0
sio: 3
sió: 0
sip: 3
siq: 9
sir: 31
sis: 36
sit: 17
siu: 3
siú: 1
siü: 0
siv: 0
siw: 0
six: 0
siy: 0
siz: 1
si-: 0
sí: 29
sj: 0
sk: 1
sl: 1
sm: 0
sn: 0
sñ: 0
so: 200
soa: 2
soá: 0
sob: 200
soba: 30
sobá: 0
sobb: 0
sobc: 0
sobd: 0
sobe: 20
sobé: 0
sobf: 0
sobg: 0
sobh: 0
sobi: 5
sobí: 0
sobj: 0
sobk: 0
sobl: 0
sobm: 0
sobn: 0
sobñ: 0
sobo: 9
sobó: 1
sobp: 0
sobq: 0
sobr: 200
sobra: 15
sobrá: 0
sobrb: 0
sobrc: 0
sobrd: 0
sobre: 200
sobrea: 18
sobreá: 1
sobreb: 4
sobrec: 34
sobred: 6
sobree: 11
sobreé: 0
sobref: 6
sobreg: 4
sobreh: 9
sobrei: 4
sobreí: 0
sobrej: 3
sobrek: 0
sobrel: 7
sobrem: 6
sobren: 9
sobreñ: 1
sobreo: 0
sobreó: 0
sobrep: 24
sobreq: 1
sobrer: 5
sobres: 26
sobret: 9
sobreu: 0
sobreú: 0
sobreü: 0
sobrev: 19
sobrew: 0
sobrex: 5
sobrey: 0
sobrez: 0
sobre-: 1
sobré: 0
sobrf: 0
sobrg: 0
sobrh: 0
sobri: 5
sobrí: 0
sobrj: 0
sobrk: 0
sobrl: 0
sobrm: 0
sobrn: 0
sobrñ: 0
sobro: 0
sobró: 0
sobrp: 0
sobrq: 0
sobrr: 0
sobrs: 0
sobrt: 0
sobru: 0
sobrú: 0
sobrü: 0
sobrv: 0
sobrw: 0
sobrx: 0
sobry: 0
sobrz: 0
sobr-: 0
sobs: 0
sobt: 0
sobu: 0
sobú: 0
sobü: 0
sobv: 0
sobw: 0
sobx: 0
soby: 0
sobz: 0
sob-: 0
soc: 84
sod: 7
soe: 2
soé: 0
sof: 40
sog: 9
soh: 0
soi: 0
soí: 0
soj: 4
sok: 0
sol: 168
som: 66
son: 82
soñ: 9
soo: 0
soó: 0
sop: 56
soq: 1
sor: 77
sos: 41
sot: 46
sou: 3
soú: 0
soü: 0
sov: 5
sow: 0
sox: 0
soy: 1
soz: 0
so-: 1
só: 13
sp: 10
sq: 1
sr: 0
ss: 0
st: 9
su: 200
sua: 20
suá: 0
sub: 200
suba: 17
subá: 1
subb: 0
subc: 23
subd: 21
sube: 12
subé: 0
subf: 5
subg: 3
subh: 0
subi: 22
subí: 1
subj: 9
subk: 0
subl: 14
subm: 9
subn: 4
subñ: 0
subo: 9
subó: 0
subp: 3
subq: 0
subr: 11
subs: 59
subt: 15
subu: 5
subú: 0
subü: 0
subv: 11
subw: 0
subx: 0
suby: 7
subz: 0
sub-: 1
suc: 41
sud: 34
sue: 23
sué: 2
suf: 33
sug: 10
suh: 0
sui: 13
suí: 1
suj: 5
suk: 0
sul: 28
sum: 41
sun: 16
suñ: 0
suo: 0
suó: 0
sup: 173
suq: 1
sur: 55
sus: 81
sut: 11
suu: 0
suú: 0
suü: 0
suv: 1
suw: 0
sux: 0
suy: 2
suz: 1
su-: 0
sú: 15
sü: 0
sv: 0
sw: 2
sx: 0
sy: 0
sz: 0
s-: 0
t: 200
ta: 200
taa: 0
taá: 0
tab: 107
tac: 56
tad: 0
tae: 2
taé: 0
taf: 12
tag: 9
tah: 13
tai: 15
taí: 1
taj: 27
tak: 0
tal: 113
tam: 92
tan: 71
tañ: 6
tao: 3
taó: 0
tap: 92
taq: 33
tar: 181
tas: 28
tat: 28
tau: 22
taú: 0
taü: 0
tav: 0
taw: 1
tax: 19
tay: 7
taz: 6
ta-: 0
tá: 33
tb: 0
tc: 0
td: 0
te: 200
tea: 14
teá: 2
teb: 4
tec: 50
ted: 6
tee: 0
teé: 0
tef: 1
teg: 8
teh: 3
tei: 2
teí: 3
tej: 35
tek: 0
tel: 122
tem: 113
ten: 119
teñ: 5
teo: 32
teó: 7
tep: 20
teq: 14
ter: 200
tera: 15
terá: 0
terb: 1
terc: 37
terd: 0
tere: 18
teré: 1
terf: 0
terg: 5
terh: 0
teri: 6
terí: 0
terj: 0
terk: 0
terl: 1
term: 61
tern: 19
terñ: 0
tero: 1
teró: 0
terp: 1
terq: 4
terr: 67
ters: 4
tert: 7
teru: 3
terú: 0
terü: 0
terv: 0
terw: 0
terx: 0
tery: 0
terz: 3
ter-: 0
tes: 79
tet: 51
teu: 6
teú: 3
teü: 0
tev: 0
tew: 0
tex: 15
tey: 2
tez: 4
te-: 0
té: 21
tf: 0
tg: 0
th: 1
ti: 200
tia: 9
tiá: 0
tib: 16
tic: 7
tid: 0
tie: 22
tié: 0
tif: 12
tig: 8
tih: 0
tii: 0
tií: 0
tij: 16
tik: 0
til: 24
tim: 48
tin: 63
tiñ: 4
tio: 3
tió: 0
tip: 34
tiq: 7
tir: 89
tis: 12
tit: 42
tiu: 1
tiú: 0
tiü: 0
tiv: 0
tiw: 0
tix: 1
tiy: 0
tiz: 20
ti-: 0
tí: 20
tj: 0
tk: 0
tl: 12
tm: 0
tn: 0
tñ: 0
to: 200
toa: 5
toá: 0
tob: 18
toc: 52
tod: 9
toe: 1
toé: 0
tof: 5
tog: 5
toh: 0
toi: 1
toí: 0
toj: 6
tok: 2
tol: 56
tom: 35
ton: 62
toñ: 3
too: 0
toó: 0
top: 54
toq: 9
tor: 200
tora: 4
torá: 2
torb: 1
torc: 20
tord: 3
tore: 10
toré: 2
torf: 0
torg: 3
torh: 0
tori: 8
torí: 0
torj: 0
tork: 0
torl: 1
torm: 12
torn: 40
torñ: 0
toro: 13
toró: 1
torp: 12
torq: 1
torr: 26
tors: 2
tort: 38
toru: 2
torú: 0
torü: 0
torv: 5
torw: 0
torx: 0
tory: 1
torz: 5
tor-: 0
tos: 31
tot: 33
tou: 3
toú: 0
toü: 0
tov: 1
tow: 0
tox: 14
toy: 0
toz: 10
to-: 0
tó: 19
tp: 0
tq: 0
tr: 200
tra: 200
traa: 0
traá: 0
trab: 38
trac: 26
trad: 12
trae: 5
traé: 0
traf: 13
trag: 46
trah: 0
trai: 8
traí: 5
traj: 12
trak: 0
tral: 3
tram: 31
tran: 200
trana: 0
traná: 0
tranb: 0
tranc: 15
trand: 0
trane: 0
trané: 0
tranf: 0
trang: 1
tranh: 0
trani: 0
traní: 0
tranj: 0
trank: 0
tranl: 0
tranm: 0
trann: 0
tranñ: 0
trano: 0
tranó: 0
tranp: 0
tranq: 17
tranr: 0
trans: 184
trant: 0
tranu: 0
tranú: 0
tranü: 0
tranv: 3
tranw: 0
tranx: 0
trany: 0
tranz: 4
tran-: 0
trañ: 0
trao: 0
traó: 0
trap: 38
traq: 10
trar: 2
tras: 200
trasa: 11
trasá: 0
trasb: 5
trasc: 35
trasd: 6
trase: 8
trasé: 0
trasf: 38
trasg: 8
trash: 6
trasi: 2
trasí: 0
trasj: 0
trask: 0
trasl: 23
trasm: 34
trasn: 9
trasñ: 0
traso: 6
trasó: 0
trasp: 56
trasq: 8
trasr: 1
trass: 0
trast: 42
trasu: 8
trasú: 0
trasü: 0
trasv: 12
trasw: 0
trasx: 0
trasy: 0
trasz: 0
tras-: 1
trat: 11
trau: 12
traú: 0
traü: 0
trav: 19
traw: 0
trax: 0
tray: 2
traz: 8
tra-: 0
trá: 15
trb: 0
trc: 0
trd: 0
tre: 126
tré: 8
trf: 0
trg: 0
trh: 0
tri: 200
tria: 16
triá: 3
trib: 29
tric: 26
trid: 8
trie: 5
trié: 0
trif: 13
trig: 15
trih: 0
trii: 0
trií: 0
trij: 0
trik: 0
tril: 25
trim: 9
trin: 33
triñ: 0
trio: 1
trió: 1
trip: 39
triq: 7
trir: 1
tris: 23
trit: 8
triu: 12
triú: 0
triü: 0
triv: 8
triw: 0
trix: 0
triy: 0
triz: 2
tri-: 1
trí: 20
trj: 0
trk: 0
trl: 0
trm: 0
trn: 0
trñ: 0
tro: 182
tró: 6
trp: 0
trq: 0
trr: 0
trs: 0
trt: 0
tru: 55
trú: 0
trü: 0
trv: 0
trw: 0
trx: 0
try: 0
trz: 0
tr-: 0
ts: 1
tt: 0
tu: 200
tua: 4
tuá: 1
tub: 18
tuc: 17
tud: 6
tue: 8
tué: 1
tuf: 6
tug: 3
tuh: 0
tui: 7
tuí: 0
tuj: 0
tuk: 0
tul: 16
tum: 35
tun: 43
tuñ: 0
tuo: 0
tuó: 0
tup: 17
tuq: 0
tur: 113
tus: 15
tut: 24
tuu: 0
tuú: 0
tuü: 0
tuv: 1
tuw: 0
tux: 0
tuy: 3
tuz: 1
tu-: 0
tú: 16
tü: 0
tv: 0
tw: 3
tx: 0
ty: 0
tz: 0
t-: 0
u: 200
ua: 0
uá: 0
ub: 16
uc: 12
ud: 1
ue: 1
ué: 0
uf: 13
ug: 4
uh: 1
ui: 0
uí: 0
uj: 2
uk: 1
ul: 67
um: 18
un: 116
uñ: 16
uo: 0
uó: 0
up: 5
uq: 0
ur: 96
us: 53
ut: 23
uu: 0
uú: 0
uü: 0
uv: 16
uw: 0
ux: 2
uy: 2
uz: 2
u-: 0
ú: 14
ü: 0
v: 200
va: 200
vaa: 0
vaá: 0
vab: 0
vac: 47
vad: 11
vae: 1
vaé: 0
vaf: 3
vag: 31
vah: 8
vai: 11
vaí: 1
vaj: 4
vak: 0
val: 101
vam: 6
van: 24
vañ: 0
vao: 0
vaó: 0
vap: 19
vaq: 13
var: 81
vas: 37
vat: 11
vau: 1
vaú: 0
vaü: 0
vav: 0
vaw: 0
vax: 0
vay: 1
vaz: 0
va-: 0
vá: 14
vb: 0
vc: 0
vd: 0
ve: 200
vea: 0
veá: 0
veb: 0
vec: 14
ved: 15
vee: 3
veé: 0
vef: 0
veg: 19
veh: 6
vei: 37
veí: 0
vej: 23
vek: 0
vel: 78
vem: 0
ven: 171
veñ: 0
veo: 0
veó: 0
vep: 0
veq: 0
ver: 200
vera: 25
verá: 0
verb: 21
verc: 0
verd: 57
vere: 6
veré: 0
verf: 0
verg: 28
verh: 0
veri: 15
verí: 2
verj: 2
verk: 0
verl: 0
verm: 9
vern: 2
verñ: 0
vero: 9
veró: 1
verp: 0
verq: 0
verr: 15
vers: 25
vert: 28
veru: 0
verú: 0
verü: 0
verv: 0
verw: 0
verx: 0
very: 0
verz: 0
ver-: 0
ves: 31
vet: 17
veu: 0
veú: 0
veü: 0
vev: 0
vew: 0
vex: 2
vey: 0
vez: 4
ve-: 0
vé: 9
vf: 0
vg: 0
vh: 0
vi: 200
via: 25
viá: 1
vib: 17
vic: 68
vid: 52
vie: 18
vié: 1
vif: 0
vig: 28
vih: 2
vii: 0
vií: 0
vij: 0
vik: 1
vil: 45
vim: 0
vin: 58
viñ: 10
vio: 24
vió: 0
vip: 3
viq: 0
vir: 75
vis: 69
vit: 55
viu: 6
viú: 0
viü: 0
viv: 42
viw: 0
vix: 0
viy: 1
viz: 9
vi-: 1
ví: 19
vj: 0
vk: 0
vl: 0
vm: 0
vn: 0
vñ: 0
vo: 193
vó: 9
vp: 0
vq: 0
vr: 0
vs: 0
vt: 0
vu: 55
vú: 0
vü: 0
vv: 0
vw: 0
vx: 0
vy: 0
vz: 0
v-: 0
w: 31
x: 49
y: 200
ya: 80
yá: 5
yb: 0
yc: 0
yd: 0
ye: 66
yé: 1
yf: 0
yg: 0
yh: 0
yi: 10
yí: 0
yj: 0
yk: 0
yl: 0
ym: 0
yn: 0
yñ: 0
yo: 34
yó: 2
yp: 0
yq: 0
yr: 0
ys: 0
yt: 0
yu: 59
yú: 0
yü: 0
yv: 0
yw: 0
yx: 0
yy: 0
yz: 0
y-: 0
z: 200
za: 200
zaa: 0
zaá: 0
zab: 26
zac: 25
zad: 2
zae: 0
zaé: 0
zaf: 28
zag: 18
zah: 19
zai: 4
zaí: 1
zaj: 3
zak: 0
zal: 16
zam: 65
zan: 66
zañ: 0
zao: 0
zaó: 0
zap: 51
zaq: 3
zar: 101
zas: 5
zat: 5
zau: 0
zaú: 0
zaü: 0
zav: 0
zaw: 0
zax: 0
zay: 1
zaz: 2
za-: 0
zá: 5
zb: 0
zc: 0
zd: 0
ze: 17
zé: 2
zf: 0
zg: 0
zh: 0
zi: 24
zí: 2
zj: 0
zk: 0
zl: 0
zm: 0
zn: 0
zñ: 0
zo: 143
zó: 3
zp: 0
zq: 0
zr: 0
zs: 0
zt: 0
zu: 121
zú: 1
zü: 0
zv: 0
zw: 0
zx: 0
zy: 0
zz: 0
z-: 0
-: 200
-a: 70
-á: 4
-b: 4
-c: 16
-d: 8
-e: 56
-é: 2
-f: 7
-g: 7
-h: 2
-i: 50
-í: 6
-j: 0
-k: 0
-l: 5
-m: 10
-n: 5
-ñ: 0
-o: 13
-ó: 2
-p: 2
-q: 0
-r: 3
-s: 8
-t: 14
-u: 9
-ú: 0
-ü: 0
-v: 1
-w: 0
-x: 0
-y: 0
-z: 2
--: 0
A: 37
Á: 1
B: 21
C: 37
D: 18
E: 16
É: 0
F: 11
G: 10
H: 4
I: 16
Í: 0
J: 13
K: 3
L: 11
M: 19
N: 17
Ñ: 0
O: 3
Ó: 1
P: 30
Q: 2
R: 16
S: 16
T: 15
U: 2
Ú: 0
Ü: 0
V: 13
W: 0
X: 0
Y: 2
Z: 0
a a: 1
a á: 0
a b: 1
a c: 6
a d: 2
a e: 4
a é: 0
a f: 2
a g: 1
a h: 0
a i: 1
a í: 0
a j: 0
a k: 0
a l: 2
a m: 5
a n: 3
a ñ: 0
a o: 0
a ó: 0
a p: 8
a q: 1
a r: 3
a s: 2
a t: 3
a u: 0
a ú: 0
a ü: 0
a v: 2
a w: 0
a x: 0
a y: 0
a z: 0
á a: 0
á á: 0
á b: 0
á c: 0
á d: 0
á e: 0
á é: 0
á f: 0
á g: 0
á h: 0
á i: 0
á í: 0
á j: 0
á k: 0
á l: 0
á m: 0
á n: 0
á ñ: 0
á o: 0
á ó: 0
á p: 0
á q: 0
á r: 0
á s: 0
á t: 0
á u: 0
á ú: 0
á ü: 0
á v: 0
á w: 0
á x: 0
á y: 0
á z: 0
b a: 1
b á: 0
b b: 0
b c: 0
b d: 0
b e: 0
b é: 0
b f: 0
b g: 0
b h: 0
b i: 4
b í: 0
b j: 1
b k: 0
b l: 0
b m: 0
b n: 0
b ñ: 0
b o: 2
b ó: 0
b p: 0
b q: 0
b r: 0
b s: 0
b t: 0
b u: 0
b ú: 0
b ü: 0
b v: 0
b w: 0
b x: 0
b y: 0
b z: 0
c a: 0
c á: 0
c b: 0
c c: 0
c d: 0
c e: 0
c é: 0
c f: 0
c g: 0
c h: 0
c i: 0
c í: 0
c j: 0
c k: 0
c l: 0
c m: 0
c n: 0
c ñ: 0
c o: 0
c ó: 0
c p: 0
c q: 0
c r: 0
c s: 0
c t: 0
c u: 0
c ú: 0
c ü: 0
c v: 0
c w: 0
c x: 0
c y: 0
c z: 0
d a: 0
d á: 0
d b: 0
d c: 2
d d: 1
d e: 1
d é: 0
d f: 0
d g: 0
d h: 3
d i: 2
d í: 0
d j: 0
d k: 0
d l: 3
d m: 0
d n: 3
d ñ: 0
d o: 0
d ó: 0
d p: 4
d q: 1
d r: 2
d s: 2
d t: 1
d u: 0
d ú: 0
d ü: 0
d v: 2
d w: 0
d x: 0
d y: 0
d z: 0
e a: 0
e á: 0
e b: 2
e c: 1
e d: 4
e e: 1
e é: 1
e f: 2
e g: 1
e h: 0
e i: 4
e í: 0
e j: 3
e k: 0
e l: 5
e m: 2
e n: 0
e ñ: 0
e o: 0
e ó: 0
e p: 2
e q: 2
e r: 1
e s: 0
e t: 1
e u: 0
e ú: 0
e ü: 0
e v: 4
e w: 0
e x: 0
e y: 1
e z: 0
é a: 0
é á: 0
é b: 0
é c: 0
é d: 0
é e: 0
é é: 0
é f: 0
é g: 0
é h: 0
é i: 0
é í: 0
é j: 0
é k: 0
é l: 0
é m: 0
é n: 0
é ñ: 0
é o: 0
é ó: 0
é p: 0
é q: 0
é r: 0
é s: 0
é t: 0
é u: 0
é ú: 0
é ü: 0
é v: 0
é w: 0
é x: 0
é y: 0
é z: 0
f a: 0
f á: 0
f b: 0
f c: 0
f d: 0
f e: 0
f é: 0
f f: 0
f g: 0
f h: 0
f i: 0
f í: 0
f j: 0
f k: 0
f l: 0
f m: 0
f n: 0
f ñ: 0
f o: 0
f ó: 0
f p: 0
f q: 0
f r: 0
f s: 0
f t: 0
f u: 0
f ú: 0
f ü: 0
f v: 0
f w: 0
f x: 0
f y: 0
f z: 0
g a: 0
g á: 0
g b: 1
g c: 0
g d: 0
g e: 0
g é: 0
g f: 0
g g: 0
g h: 0
g i: 0
g í: 0
g j: 0
g k: 0
g l: 0
g m: 0
g n: 0
g ñ: 0
g o: 0
g ó: 0
g p: 0
g q: 0
g r: 0
g s: 0
g t: 0
g u: 0
g ú: 0
g ü: 0
g v: 0
g w: 0
g x: 0
g y: 0
g z: 0
h a: 0
h á: 0
h b: 0
h c: 0
h d: 0
h e: 0
h é: 0
h f: 0
h g: 0
h h: 0
h i: 0
h í: 0
h j: 0
h k: 0
h l: 0
h m: 0
h n: 0
h ñ: 0
h o: 0
h ó: 0
h p: 0
h q: 0
h r: 0
h s: 0
h t: 0
h u: 0
h ú: 0
h ü: 0
h v: 0
h w: 0
h x: 0
h y: 0
h z: 0
i a: 0
i á: 0
i b: 0
i c: 0
i d: 0
i e: 1
i é: 0
i f: 2
i g: 2
i h: 0
i i: 0
i í: 0
i j: 0
i k: 0
i l: 1
i m: 1
i n: 0
i ñ: 0
i o: 0
i ó: 0
i p: 0
i q: 0
i r: 0
i s: 0
i t: 0
i u: 0
i ú: 0
i ü: 0
i v: 0
i w: 0
i x: 0
i y: 0
i z: 0
í a: 0
í á: 0
í b: 0
í c: 0
í d: 0
í e: 0
í é: 0
í f: 0
í g: 0
í h: 0
í i: 0
í í: 0
í j: 0
í k: 0
í l: 0
í m: 0
í n: 0
í ñ: 0
í o: 0
í ó: 0
í p: 0
í q: 0
í r: 0
í s: 0
í t: 0
í u: 0
í ú: 0
í ü: 0
í v: 0
í w: 0
í x: 0
í y: 0
í z: 0
j a: 0
j á: 0
j b: 0
j c: 0
j d: 0
j e: 0
j é: 0
j f: 0
j g: 0
j h: 0
j i: 0
j í: 0
j j: 0
j k: 0
j l: 0
j m: 0
j n: 0
j ñ: 0
j o: 0
j ó: 0
j p: 0
j q: 0
j r: 0
j s: 0
j t: 0
j u: 0
j ú: 0
j ü: 0
j v: 0
j w: 0
j x: 0
j y: 0
j z: 0
k a: 1
k á: 0
k b: 0
k c: 0
k d: 1
k e: 0
k é: 0
k f: 0
k g: 0
k h: 0
k i: 0
k í: 0
k j: 1
k k: 0
k l: 0
k m: 0
k n: 0
k ñ: 0
k o: 0
k ó: 0
k p: 0
k q: 0
k r: 0
k s: 0
k t: 0
k u: 0
k ú: 0
k ü: 0
k v: 0
k w: 0
k x: 0
k y: 0
k z: 0
l a: 0
l á: 0
l b: 0
l c: 1
l d: 0
l e: 0
l é: 0
l f: 0
l g: 0
l h: 0
l i: 0
l í: 0
l j: 0
l k: 0
l l: 0
l m: 0
l n: 0
l ñ: 0
l o: 2
l ó: 0
l p: 0
l q: 0
l r: 0
l s: 0
l t: 1
l u: 0
l ú: 0
l ü: 0
l v: 0
l w: 0
l x: 0
l y: 0
l z: 0
m a: 0
m á: 0
m b: 0
m c: 1
m d: 0
m e: 2
m é: 0
m f: 0
m g: 0
m h: 0
m i: 0
m í: 0
m j: 0
m k: 0
m l: 2
m m: 0
m n: 0
m ñ: 0
m o: 0
m ó: 0
m p: 1
m q: 0
m r: 2
m s: 0
m t: 1
m u: 0
m ú: 0
m ü: 0
m v: 1
m w: 0
m x: 0
m y: 0
m z: 0
n a: 5
n á: 0
n b: 1
n c: 2
n d: 0
n e: 2
n é: 0
n f: 3
n g: 1
n h: 0
n i: 4
n í: 0
n j: 0
n k: 0
n l: 0
n m: 4
n n: 0
n ñ: 0
n o: 0
n ó: 0
n p: 11
n q: 0
n r: 0
n s: 4
n t: 3
n u: 3
n ú: 0
n ü: 0
n v: 2
n w: 0
n x: 0
n y: 0
n z: 0
ñ a: 0
ñ á: 0
ñ b: 0
ñ c: 0
ñ d: 0
ñ e: 0
ñ é: 0
ñ f: 0
ñ g: 0
ñ h: 0
ñ i: 0
ñ í: 0
ñ j: 0
ñ k: 0
ñ l: 0
ñ m: 0
ñ n: 0
ñ ñ: 0
ñ o: 0
ñ ó: 0
ñ p: 0
ñ q: 0
ñ r: 0
ñ s: 0
ñ t: 0
ñ u: 0
ñ ú: 0
ñ ü: 0
ñ v: 0
ñ w: 0
ñ x: 0
ñ y: 0
ñ z: 0
o a: 1
o á: 0
o b: 0
o c: 2
o d: 1
o e: 0
o é: 0
o f: 2
o g: 1
o h: 0
o i: 3
o í: 0
o j: 1
o k: 0
o l: 0
o m: 3
o n: 0
o ñ: 0
o o: 0
o ó: 0
o p: 0
o q: 1
o r: 2
o s: 4
o t: 3
o u: 1
o ú: 0
o ü: 0
o v: 3
o w: 0
o x: 0
o y: 0
o z: 0
ó a: 0
ó á: 0
ó b: 0
ó c: 0
ó d: 0
ó e: 0
ó é: 0
ó f: 0
ó g: 0
ó h: 0
ó i: 0
ó í: 0
ó j: 0
ó k: 0
ó l: 0
ó m: 0
ó n: 0
ó ñ: 0
ó o: 0
ó ó: 0
ó p: 0
ó q: 0
ó r: 0
ó s: 0
ó t: 0
ó u: 0
ó ú: 0
ó ü: 0
ó v: 0
ó w: 0
ó x: 0
ó y: 0
ó z: 0
p a: 1
p á: 0
p b: 0
p c: 0
p d: 0
p e: 0
p é: 0
p f: 0
p g: 0
p h: 0
p i: 0
p í: 0
p j: 0
p k: 0
p l: 0
p m: 1
p n: 0
p ñ: 0
p o: 0
p ó: 0
p p: 0
p q: 0
p r: 0
p s: 0
p t: 0
p u: 0
p ú: 0
p ü: 0
p v: 0
p w: 0
p x: 0
p y: 0
p z: 0
q a: 0
q á: 0
q b: 0
q c: 0
q d: 0
q e: 0
q é: 0
q f: 0
q g: 0
q h: 0
q i: 0
q í: 0
q j: 0
q k: 0
q l: 0
q m: 0
q n: 0
q ñ: 0
q o: 0
q ó: 0
q p: 0
q q: 0
q r: 0
q s: 0
q t: 0
q u: 0
q ú: 0
q ü: 0
q v: 0
q w: 0
q x: 0
q y: 0
q z: 0
r a: 1
r á: 0
r b: 0
r c: 1
r d: 3
r e: 1
r é: 0
r f: 0
r g: 0
r h: 0
r i: 1
r í: 0
r j: 0
r k: 0
r l: 0
r m: 1
r n: 2
r ñ: 0
r o: 0
r ó: 0
r p: 2
r q: 0
r r: 0
r s: 1
r t: 0
r u: 0
r ú: 0
r ü: 0
r v: 2
r w: 0
r x: 0
r y: 1
r z: 0
s a: 0
s á: 0
s b: 1
s c: 5
s d: 0
s e: 3
s é: 0
s f: 0
s g: 1
s h: 1
s i: 6
s í: 0
s j: 0
s k: 0
s l: 1
s m: 3
s n: 1
s ñ: 0
s o: 1
s ó: 0
s p: 1
s q: 0
s r: 1
s s: 0
s t: 0
s u: 2
s ú: 0
s ü: 0
s v: 1
s w: 0
s x: 0
s y: 1
s z: 0
t a: 1
t á: 0
t b: 0
t c: 1
t d: 3
t e: 0
t é: 0
t f: 0
t g: 0
t h: 0
t i: 1
t í: 0
t j: 0
t k: 0
t l: 1
t m: 4
t n: 1
t ñ: 0
t o: 1
t ó: 0
t p: 0
t q: 0
t r: 1
t s: 4
t t: 0
t u: 0
t ú: 0
t ü: 0
t v: 0
t w: 0
t x: 0
t y: 0
t z: 0
u a: 0
u á: 0
u b: 0
u c: 1
u d: 0
u e: 0
u é: 0
u f: 0
u g: 0
u h: 0
u i: 0
u í: 0
u j: 0
u k: 0
u l: 0
u m: 1
u n: 0
u ñ: 0
u o: 0
u ó: 0
u p: 1
u q: 2
u r: 0
u s: 1
u t: 0
u u: 0
u ú: 0
u ü: 0
u v: 0
u w: 0
u x: 0
u y: 0
u z: 0
ú a: 0
ú á: 0
ú b: 0
ú c: 0
ú d: 0
ú e: 0
ú é: 0
ú f: 0
ú g: 0
ú h: 0
ú i: 0
ú í: 0
ú j: 0
ú k: 0
ú l: 0
ú m: 0
ú n: 0
ú ñ: 0
ú o: 0
ú ó: 0
ú p: 0
ú q: 0
ú r: 0
ú s: 0
ú t: 0
ú u: 0
ú ú: 0
ú ü: 0
ú v: 0
ú w: 0
ú x: 0
ú y: 0
ú z: 0
ü a: 0
ü á: 0
ü b: 0
ü c: 0
ü d: 0
ü e: 0
ü é: 0
ü f: 0
ü g: 0
ü h: 0
ü i: 0
ü í: 0
ü j: 0
ü k: 0
ü l: 0
ü m: 0
ü n: 0
ü ñ: 0
ü o: 0
ü ó: 0
ü p: 0
ü q: 0
ü r: 0
ü s: 0
ü t: 0
ü u: 0
ü ú: 0
ü ü: 0
ü v: 0
ü w: 0
ü x: 0
ü y: 0
ü z: 0
v a: 0
v á: 0
v b: 0
v c: 0
v d: 0
v e: 0
v é: 0
v f: 0
v g: 0
v h: 0
v i: 0
v í: 0
v j: 0
v k: 0
v l: 0
v m: 0
v n: 0
v ñ: 0
v o: 0
v ó: 0
v p: 0
v q: 0
v r: 0
v s: 0
v t: 0
v u: 0
v ú: 0
v ü: 0
v v: 0
v w: 0
v x: 0
v y: 0
v z: 0
w a: 0
w á: 0
w b: 1
w c: 0
w d: 0
w e: 0
w é: 0
w f: 0
w g: 0
w h: 0
w i: 0
w í: 0
w j: 0
w k: 0
w l: 0
w m: 0
w n: 0
w ñ: 0
w o: 0
w ó: 0
w p: 0
w q: 0
w r: 0
w s: 0
w t: 0
w u: 0
w ú: 0
w ü: 0
w v: 0
w w: 0
w x: 0
w y: 0
w z: 0
x a: 3
x á: 0
x b: 0
x c: 2
x d: 0
x e: 0
x é: 0
x f: 0
x g: 0
x h: 0
x i: 0
x í: 0
x j: 0
x k: 0
x l: 1
x m: 1
x n: 1
x ñ: 0
x o: 0
x ó: 0
x p: 2
x q: 0
x r: 0
x s: 2
x t: 1
x u: 0
x ú: 0
x ü: 0
x v: 0
x w: 0
x x: 0
x y: 0
x z: 0
y a: 0
y á: 0
y b: 2
y c: 0
y d: 1
y e: 0
y é: 0
y f: 0
y g: 0
y h: 0
y i: 0
y í: 0
y j: 0
y k: 0
y l: 0
y m: 4
y n: 0
y ñ: 0
y o: 0
y ó: 0
y p: 0
y q: 0
y r: 0
y s: 2
y t: 0
y u: 0
y ú: 0
y ü: 0
y v: 0
y w: 0
y x: 0
y y: 0
y z: 0
z a: 0
z á: 0
z b: 0
z c: 0
z d: 0
z e: 0
z é: 0
z f: 1
z g: 0
z h: 0
z i: 0
z í: 0
z j: 0
z k: 0
z l: 0
z m: 0
z n: 0
z ñ: 0
z o: 0
z ó: 0
z p: 0
z q: 0
z r: 0
z s: 0
z t: 0
z u: 0
z ú: 0
z ü: 0
z v: 0
z w: 0
z x: 0
z y: 0
z z: 0
è: 1
î: 2
‒: 32
